<!DOCTYPE html>

<html>
  <head>
  <meta charset='utf-8'>
  <title>TestNG reports</title>

    <link type="text/css" href="testng-reports1.css" rel="stylesheet" id="ultra" />
    <link type="text/css" href="testng-reports.css" rel="stylesheet" id="retro" disabled="false"/>
    <script type="text/javascript" src="jquery.min.js"></script>
    <script type="text/javascript" src="testng-reports.js"></script>
    <script type="text/javascript" src="https://www.google.com/jsapi"></script>
    <script type='text/javascript'>
      google.load('visualization', '1', {packages:['table']});
      google.setOnLoadCallback(drawTable);
      var suiteTableInitFunctions = new Array();
      var suiteTableData = new Array();
    </script>
    <!--
      <script type="text/javascript" src="jquery-ui/js/jquery-ui-1.8.16.custom.min.js"></script>
     -->
  </head>

  <body>
    <div class="top-banner-root">
      <span class="top-banner-title-font">Test results</span>
      <button class="button" id="button">Switch Retro Theme</button> <!-- button -->
      <br/>
      <span class="top-banner-font-1">1 suite, 28 failed tests</span>
    </div> <!-- top-banner-root -->
    <div class="navigator-root">
      <div class="navigator-suite-header">
        <span>All suites</span>
        <a href="#" class="collapse-all-link" title="Collapse/expand all the suites">
          <img class="collapse-all-icon" src="collapseall.gif">
          </img> <!-- collapse-all-icon -->
        </a> <!-- collapse-all-link -->
      </div> <!-- navigator-suite-header -->
      <div class="suite">
        <div class="rounded-window">
          <div class="suite-header light-rounded-window-top">
            <a href="#" class="navigator-link" panel-name="suite-Command_line_suite">
              <span class="suite-name border-failed">Command line suite</span>
            </a> <!-- navigator-link -->
          </div> <!-- suite-header light-rounded-window-top -->
          <div class="navigator-suite-content">
            <div class="suite-section-title">
              <span>Info</span>
            </div> <!-- suite-section-title -->
            <div class="suite-section-content">
              <ul>
                <li>
                  <a href="#" class="navigator-link " panel-name="test-xml-Command_line_suite">
                    <span>[unset file name]</span>
                  </a> <!-- navigator-link  -->
                </li>
                <li>
                  <a href="#" class="navigator-link " panel-name="testlist-Command_line_suite">
                    <span class="test-stats">1 test</span>
                  </a> <!-- navigator-link  -->
                </li>
                <li>
                  <a href="#" class="navigator-link " panel-name="group-Command_line_suite">
                    <span>0 groups</span>
                  </a> <!-- navigator-link  -->
                </li>
                <li>
                  <a href="#" class="navigator-link " panel-name="times-Command_line_suite">
                    <span>Times</span>
                  </a> <!-- navigator-link  -->
                </li>
                <li>
                  <a href="#" class="navigator-link " panel-name="reporter-Command_line_suite">
                    <span>Reporter output</span>
                  </a> <!-- navigator-link  -->
                </li>
                <li>
                  <a href="#" class="navigator-link " panel-name="ignored-methods-Command_line_suite">
                    <span>Ignored methods</span>
                  </a> <!-- navigator-link  -->
                </li>
                <li>
                  <a href="#" class="navigator-link " panel-name="chronological-Command_line_suite">
                    <span>Chronological view</span>
                  </a> <!-- navigator-link  -->
                </li>
              </ul>
            </div> <!-- suite-section-content -->
            <div class="result-section">
              <div class="suite-section-title">
                <span>Results</span>
              </div> <!-- suite-section-title -->
              <div class="suite-section-content">
                <ul>
                  <li>
                    <span class="method-stats">58 methods, 28 failed,  3 skipped,  27 passed</span>
                  </li>
                  <li>
                    <span class="method-list-title failed">Failed methods</span>
                    <span class="show-or-hide-methods failed">
                      <a href="#" panel-name="suite-Command_line_suite" class="hide-methods failed suite-Command_line_suite"> (hide)</a> <!-- hide-methods failed suite-Command_line_suite -->
                      <a href="#" panel-name="suite-Command_line_suite" class="show-methods failed suite-Command_line_suite"> (show)</a> <!-- show-methods failed suite-Command_line_suite -->
                    </span>
                    <div class="method-list-content failed suite-Command_line_suite">
                      <span>
                        <img width="3%" src="failed.png"/>
                        <a href="#" class="method navigator-link" panel-name="suite-Command_line_suite" title="com.cybertek.tests.day17_upload_js_executor.JavaScriptExecutorTest" hash-for-method="alertExampleTest">alertExampleTest</a> <!-- method navigator-link -->
                      </span>
                      <br/>
                      <span>
                        <img width="3%" src="failed.png"/>
                        <a href="#" class="method navigator-link" panel-name="suite-Command_line_suite" title="com.cybertek.tests.day19_page_object_model.DragAndDropTest" hash-for-method="cargurusPriceSliderTest">cargurusPriceSliderTest</a> <!-- method navigator-link -->
                      </span>
                      <br/>
                      <span>
                        <img width="3%" src="failed.png"/>
                        <a href="#" class="method navigator-link" panel-name="suite-Command_line_suite" title="com.cybertek.tests.day22_explicitwait_review.WaitUntilElemVisibleTest" hash-for-method="cheapInternetSpeedTest">cheapInternetSpeedTest</a> <!-- method navigator-link -->
                      </span>
                      <br/>
                      <span>
                        <img width="3%" src="failed.png"/>
                        <a href="#" class="method navigator-link" panel-name="suite-Command_line_suite" title="com.cybertek.WeeklyAssignments.HoverTest" hash-for-method="contextClickTest">contextClickTest</a> <!-- method navigator-link -->
                      </span>
                      <br/>
                      <span>
                        <img width="3%" src="failed.png"/>
                        <a href="#" class="method navigator-link" panel-name="suite-Command_line_suite" title="com.cybertek.tests.day18_actions_pom_intro.classActionsDoubleClickTest" hash-for-method="doubleClickForColorChange">doubleClickForColorChange</a> <!-- method navigator-link -->
                      </span>
                      <br/>
                      <span>
                        <img width="3%" src="failed.png"/>
                        <a href="#" class="method navigator-link" panel-name="suite-Command_line_suite" title="com.cybertek.tests.day18_actions_pom_intro.ActionsDragAndDropTest" hash-for-method="dragAndDropTest">dragAndDropTest</a> <!-- method navigator-link -->
                      </span>
                      <br/>
                      <span>
                        <img width="3%" src="failed.png"/>
                        <a href="#" class="method navigator-link" panel-name="suite-Command_line_suite" title="com.cybertek.WeeklyAssignments.HoverTest" hash-for-method="dragDropTest">dragDropTest</a> <!-- method navigator-link -->
                      </span>
                      <br/>
                      <span>
                        <img width="3%" src="failed.png"/>
                        <a href="#" class="method navigator-link" panel-name="suite-Command_line_suite" title="com.cybertek.tests.day16_download_uploaded_js_executor.File_DownloadTest" hash-for-method="fileDownloadTest">fileDownloadTest</a> <!-- method navigator-link -->
                      </span>
                      <br/>
                      <span>
                        <img width="3%" src="failed.png"/>
                        <a href="#" class="method navigator-link" panel-name="suite-Command_line_suite" title="com.cybertek.tests.day18_actions_pom_intro.ActionClassDemoTest" hash-for-method="googleActionsTest">googleActionsTest</a> <!-- method navigator-link -->
                      </span>
                      <br/>
                      <span>
                        <img width="3%" src="failed.png"/>
                        <a href="#" class="method navigator-link" panel-name="suite-Command_line_suite" title="com.cybertek.tests.day19_page_object_model.DragAndDropTest" hash-for-method="guru99DragAndDropTest">guru99DragAndDropTest</a> <!-- method navigator-link -->
                      </span>
                      <br/>
                      <span>
                        <img width="3%" src="failed.png"/>
                        <a href="#" class="method navigator-link" panel-name="suite-Command_line_suite" title="com.cybertek.tests.day18_actions_pom_intro.ActionClassDemoTest" hash-for-method="hoverElementTest">hoverElementTest</a> <!-- method navigator-link -->
                      </span>
                      <br/>
                      <span>
                        <img width="3%" src="failed.png"/>
                        <a href="#" class="method navigator-link" panel-name="suite-Command_line_suite" title="com.cybertek.WeeklyAssignments.HoverTest" hash-for-method="hoverTest">hoverTest</a> <!-- method navigator-link -->
                      </span>
                      <br/>
                      <span>
                        <img width="3%" src="failed.png"/>
                        <a href="#" class="method navigator-link" panel-name="suite-Command_line_suite" title="com.cybertek.tests.day19_page_object_model.LibraryLoginPOMTest" hash-for-method="invalidCredentialsTest">invalidCredentialsTest</a> <!-- method navigator-link -->
                      </span>
                      <br/>
                      <span>
                        <img width="3%" src="failed.png"/>
                        <a href="#" class="method navigator-link" panel-name="suite-Command_line_suite" title="com.cybertek.tests.day19_page_object_model.logingPOMTest" hash-for-method="invalidTest">invalidTest</a> <!-- method navigator-link -->
                      </span>
                      <br/>
                      <span>
                        <img width="3%" src="failed.png"/>
                        <a href="#" class="method navigator-link" panel-name="suite-Command_line_suite" title="com.cybertek.tests.day17_upload_js_executor.JavaScriptExecutorTest" hash-for-method="loginFacebook">loginFacebook</a> <!-- method navigator-link -->
                      </span>
                      <br/>
                      <span>
                        <img width="3%" src="failed.png"/>
                        <a href="#" class="method navigator-link" panel-name="suite-Command_line_suite" title="com.cybertek.tests.day18_actions_pom_intro.ActionClassDemoTest" hash-for-method="loopActions">loopActions</a> <!-- method navigator-link -->
                      </span>
                      <br/>
                      <span>
                        <img width="3%" src="failed.png"/>
                        <a href="#" class="method navigator-link" panel-name="suite-Command_line_suite" title="com.cybertek.tests.OfficeHour.day04_PlaceOrderTest" hash-for-method="placeOrder">placeOrder</a> <!-- method navigator-link -->
                      </span>
                      <br/>
                      <span>
                        <img width="3%" src="failed.png"/>
                        <a href="#" class="method navigator-link" panel-name="suite-Command_line_suite" title="com.cybertek.tests.day19_page_object_model.LibraryLoginPOMTest" hash-for-method="positiveLoginTest">positiveLoginTest</a> <!-- method navigator-link -->
                      </span>
                      <br/>
                      <span>
                        <img width="3%" src="failed.png"/>
                        <a href="#" class="method navigator-link" panel-name="suite-Command_line_suite" title="com.cybertek.tests.day18_actions_pom_intro.EtsySubscribeTest" hash-for-method="randomEmailSubscribeTest">randomEmailSubscribeTest</a> <!-- method navigator-link -->
                      </span>
                      <br/>
                      <span>
                        <img width="3%" src="failed.png"/>
                        <a href="#" class="method navigator-link" panel-name="suite-Command_line_suite" title="com.cybertek.tests.day18_actions_pom_intro.ActionsSendKeysTest" hash-for-method="rightClickTest">rightClickTest</a> <!-- method navigator-link -->
                      </span>
                      <br/>
                      <span>
                        <img width="3%" src="failed.png"/>
                        <a href="#" class="method navigator-link" panel-name="suite-Command_line_suite" title="com.cybertek.tests.day17_upload_js_executor.JavaScriptExecutorTest" hash-for-method="scrollElementVisible">scrollElementVisible</a> <!-- method navigator-link -->
                      </span>
                      <br/>
                      <span>
                        <img width="3%" src="failed.png"/>
                        <a href="#" class="method navigator-link" panel-name="suite-Command_line_suite" title="com.cybertek.tests.day17_upload_js_executor.JavaScriptExecutorTest" hash-for-method="scrollTest">scrollTest</a> <!-- method navigator-link -->
                      </span>
                      <br/>
                      <span>
                        <img width="3%" src="failed.png"/>
                        <a href="#" class="method navigator-link" panel-name="suite-Command_line_suite" title="com.cybertek.tests.day18_actions_pom_intro.ActionsSendKeysTest" hash-for-method="scrollWithKeysTest">scrollWithKeysTest</a> <!-- method navigator-link -->
                      </span>
                      <br/>
                      <span>
                        <img width="3%" src="failed.png"/>
                        <a href="#" class="method navigator-link" panel-name="suite-Command_line_suite" title="com.cybertek.tests.day08_implicitwait_checkbox_radio_testing.TestNGIntro" hash-for-method="test2">test2</a> <!-- method navigator-link -->
                      </span>
                      <br/>
                      <span>
                        <img width="3%" src="failed.png"/>
                        <a href="#" class="method navigator-link" panel-name="suite-Command_line_suite" title="com.cybertek.tests.day17_upload_js_executor.Guru99UploadTest" hash-for-method="uploadFileTest">uploadFileTest</a> <!-- method navigator-link -->
                      </span>
                      <br/>
                      <span>
                        <img width="3%" src="failed.png"/>
                        <a href="#" class="method navigator-link" panel-name="suite-Command_line_suite" title="com.cybertek.tests.day19_page_object_model.logingPOMTest" hash-for-method="validTest">validTest</a> <!-- method navigator-link -->
                      </span>
                      <br/>
                      <span>
                        <img width="3%" src="failed.png"/>
                        <a href="#" class="method navigator-link" panel-name="suite-Command_line_suite" title="com.cybertek.tests.day10_dropdown_alert_iframes_windows.CarGurusUsedCarSearchTest" hash-for-method="verifyTitle">verifyTitle</a> <!-- method navigator-link -->
                      </span>
                      <br/>
                      <span>
                        <img width="3%" src="failed.png"/>
                        <a href="#" class="method navigator-link" panel-name="suite-Command_line_suite" title="com.cybertek.tests.day22_explicitwait_review.WaitUntilElemVisibleTest" hash-for-method="waitForWebDriverElem">waitForWebDriverElem</a> <!-- method navigator-link -->
                      </span>
                      <br/>
                    </div> <!-- method-list-content failed suite-Command_line_suite -->
                  </li>
                  <li>
                    <span class="method-list-title skipped">Skipped methods</span>
                    <span class="show-or-hide-methods skipped">
                      <a href="#" panel-name="suite-Command_line_suite" class="hide-methods skipped suite-Command_line_suite"> (hide)</a> <!-- hide-methods skipped suite-Command_line_suite -->
                      <a href="#" panel-name="suite-Command_line_suite" class="show-methods skipped suite-Command_line_suite"> (show)</a> <!-- show-methods skipped suite-Command_line_suite -->
                    </span>
                    <div class="method-list-content skipped suite-Command_line_suite">
                      <span>
                        <img width="3%" src="skipped.png"/>
                        <a href="#" class="method navigator-link" panel-name="suite-Command_line_suite" title="com.cybertek.tests.day22_explicitwait_review.CherCherWaitPracticeTest" hash-for-method="waitForAlertTest">waitForAlertTest</a> <!-- method navigator-link -->
                      </span>
                      <br/>
                      <span>
                        <img width="3%" src="skipped.png"/>
                        <a href="#" class="method navigator-link" panel-name="suite-Command_line_suite" title="com.cybertek.tests.day22_explicitwait_review.CherCherWaitPracticeTest" hash-for-method="waitForButtonEnabledTest">waitForButtonEnabledTest</a> <!-- method navigator-link -->
                      </span>
                      <br/>
                      <span>
                        <img width="3%" src="skipped.png"/>
                        <a href="#" class="method navigator-link" panel-name="suite-Command_line_suite" title="com.cybertek.tests.day22_explicitwait_review.CherCherWaitPracticeTest" hash-for-method="waitForCheckBoxIsCheckedTest">waitForCheckBoxIsCheckedTest</a> <!-- method navigator-link -->
                      </span>
                      <br/>
                    </div> <!-- method-list-content skipped suite-Command_line_suite -->
                  </li>
                  <li>
                    <span class="method-list-title passed">Passed methods</span>
                    <span class="show-or-hide-methods passed">
                      <a href="#" panel-name="suite-Command_line_suite" class="hide-methods passed suite-Command_line_suite"> (hide)</a> <!-- hide-methods passed suite-Command_line_suite -->
                      <a href="#" panel-name="suite-Command_line_suite" class="show-methods passed suite-Command_line_suite"> (show)</a> <!-- show-methods passed suite-Command_line_suite -->
                    </span>
                    <div class="method-list-content passed suite-Command_line_suite">
                      <span>
                        <img width="3%" src="passed.png"/>
                        <a href="#" class="method navigator-link" panel-name="suite-Command_line_suite" title="com.cybertek.tests.day09_testng_dropdown.DropDownTest" hash-for-method="SelectDateOfBirth">SelectDateOfBirth</a> <!-- method navigator-link -->
                      </span>
                      <br/>
                      <span>
                        <img width="3%" src="passed.png"/>
                        <a href="#" class="method navigator-link" panel-name="suite-Command_line_suite" title="com.cybertek.tests.day10_dropdown_alert_iframes_windows.AmazonDepartmentNamesListTest" hash-for-method="amazonDepartmentTest">amazonDepartmentTest</a> <!-- method navigator-link -->
                      </span>
                      <br/>
                      <span>
                        <img width="3%" src="passed.png"/>
                        <a href="#" class="method navigator-link" panel-name="suite-Command_line_suite" title="com.cybertek.tests.day15_properties_driverUtil_testbase.PropertiesFileTest" hash-for-method="configurationReaderUnitTest">configurationReaderUnitTest</a> <!-- method navigator-link -->
                      </span>
                      <br/>
                      <span>
                        <img width="3%" src="passed.png"/>
                        <a href="#" class="method navigator-link" panel-name="suite-Command_line_suite" title="com.cybertek.tests.day10_dropdown_alert_iframes_windows.HandlingAlertsTest" hash-for-method="confirmAlertTest">confirmAlertTest</a> <!-- method navigator-link -->
                      </span>
                      <br/>
                      <span>
                        <img width="3%" src="passed.png"/>
                        <a href="#" class="method navigator-link" panel-name="suite-Command_line_suite" title="com.cybertek.tests.day11_alerts_iframe_windows.MultipleWindows_Example_Test" hash-for-method="demoQAMultipleWindows">demoQAMultipleWindows</a> <!-- method navigator-link -->
                      </span>
                      <br/>
                      <span>
                        <img width="3%" src="passed.png"/>
                        <a href="#" class="method navigator-link" panel-name="suite-Command_line_suite" title="com.cybertek.tests.day15_properties_driverUtil_testbase.DriverUtilTest" hash-for-method="driverClassTest">driverClassTest</a> <!-- method navigator-link -->
                      </span>
                      <br/>
                      <span>
                        <img width="3%" src="passed.png"/>
                        <a href="#" class="method navigator-link" panel-name="suite-Command_line_suite" title="com.cybertek.tests.day13_faker_Practice.RegistrationFormTest" hash-for-method="formTest">formTest</a> <!-- method navigator-link -->
                      </span>
                      <br/>
                      <span>
                        <img width="3%" src="passed.png"/>
                        <a href="#" class="method navigator-link" panel-name="suite-Command_line_suite" title="com.cybertek.tests.day14_webtables_properties.WebTableDemoTest" hash-for-method="getAllColumnData">getAllColumnData</a> <!-- method navigator-link -->
                      </span>
                      <br/>
                      <span>
                        <img width="3%" src="passed.png"/>
                        <a href="#" class="method navigator-link" panel-name="suite-Command_line_suite" title="com.cybertek.tests.day13_faker_Practice.RegistrationFormNegativeTest" hash-for-method="invalidFirstNameTest">invalidFirstNameTest</a> <!-- method navigator-link -->
                      </span>
                      <br/>
                      <span>
                        <img width="3%" src="passed.png"/>
                        <a href="#" class="method navigator-link" panel-name="suite-Command_line_suite" title="com.cybertek.tests.day10_dropdown_alert_iframes_windows.HandlingAlertsTest" hash-for-method="jsAlertsTest">jsAlertsTest</a> <!-- method navigator-link -->
                      </span>
                      <br/>
                      <span>
                        <img width="3%" src="passed.png"/>
                        <a href="#" class="method navigator-link" panel-name="suite-Command_line_suite" title="com.cybertek.tests.day09_testng_dropdown.TestNGIntro" hash-for-method="myTest2">myTest2</a> <!-- method navigator-link -->
                      </span>
                      <br/>
                      <span>
                        <img width="3%" src="passed.png"/>
                        <a href="#" class="method navigator-link" panel-name="suite-Command_line_suite" title="com.cybertek.tests.day12_Window_Practice.DemoQAMultipleWindowsTest" hash-for-method="newWindowTest">newWindowTest</a> <!-- method navigator-link -->
                      </span>
                      <br/>
                      <span>
                        <img width="3%" src="passed.png"/>
                        <a href="#" class="method navigator-link" panel-name="suite-Command_line_suite" title="com.cybertek.tests.day14_webtables_properties.WebTableDemoTest" hash-for-method="printAllTableDataTest">printAllTableDataTest</a> <!-- method navigator-link -->
                      </span>
                      <br/>
                      <span>
                        <img width="3%" src="passed.png"/>
                        <a href="#" class="method navigator-link" panel-name="suite-Command_line_suite" title="com.cybertek.tests.day14_webtables_properties.WebTableDemoTest" hash-for-method="readFromTableTest">readFromTableTest</a> <!-- method navigator-link -->
                      </span>
                      <br/>
                      <span>
                        <img width="3%" src="passed.png"/>
                        <a href="#" class="method navigator-link" panel-name="suite-Command_line_suite" title="com.cybertek.tests.day14_webtables_properties.WebTableDemoTest" hash-for-method="readNextCell">readNextCell</a> <!-- method navigator-link -->
                      </span>
                      <br/>
                      <span>
                        <img width="3%" src="passed.png"/>
                        <a href="#" class="method navigator-link" panel-name="suite-Command_line_suite" title="com.cybertek.tests.day15_properties_driverUtil_testbase.PropertiesFileTest" hash-for-method="readValuesFromPropertiesFile">readValuesFromPropertiesFile</a> <!-- method navigator-link -->
                      </span>
                      <br/>
                      <span>
                        <img width="3%" src="passed.png"/>
                        <a href="#" class="method navigator-link" panel-name="suite-Command_line_suite" title="com.cybertek.tests.day15_properties_driverUtil_testbase.SystemPropertiesTest" hash-for-method="readingSystemProperties">readingSystemProperties</a> <!-- method navigator-link -->
                      </span>
                      <br/>
                      <span>
                        <img width="3%" src="passed.png"/>
                        <a href="#" class="method navigator-link" panel-name="suite-Command_line_suite" title="com.cybertek.tests.day10_dropdown_alert_iframes_windows.CarGurusUsedCarSearchTest" hash-for-method="selectCar">selectCar</a> <!-- method navigator-link -->
                      </span>
                      <br/>
                      <span>
                        <img width="3%" src="passed.png"/>
                        <a href="#" class="method navigator-link" panel-name="suite-Command_line_suite" title="com.cybertek.tests.day09_testng_dropdown.DropDownTest" hash-for-method="selectDayDropDown">selectDayDropDown</a> <!-- method navigator-link -->
                      </span>
                      <br/>
                      <span>
                        <img width="3%" src="passed.png"/>
                        <a href="#" class="method navigator-link" panel-name="suite-Command_line_suite" title="com.cybertek.tests.day09_testng_dropdown.DropDownTest" hash-for-method="selectMonthDropDown">selectMonthDropDown</a> <!-- method navigator-link -->
                      </span>
                      <br/>
                      <span>
                        <img width="3%" src="passed.png"/>
                        <a href="#" class="method navigator-link" panel-name="suite-Command_line_suite" title="com.cybertek.tests.day09_testng_dropdown.DropDownTest" hash-for-method="simpleDropDownTest">simpleDropDownTest</a> <!-- method navigator-link -->
                      </span>
                      <br/>
                      <span>
                        <img width="3%" src="passed.png"/>
                        <a href="#" class="method navigator-link" panel-name="suite-Command_line_suite" title="com.cybertek.tests.day15_properties_driverUtil_testbase.TechlisticWebtaleTest" hash-for-method="tallBuildingsTableTest">tallBuildingsTableTest</a> <!-- method navigator-link -->
                      </span>
                      <br/>
                      <span>
                        <img width="3%" src="passed.png"/>
                        <a href="#" class="method navigator-link" panel-name="suite-Command_line_suite" title="com.cybertek.tests.day09_testng_dropdown.TestNGIntro" hash-for-method="test1">test1</a> <!-- method navigator-link -->
                      </span>
                      <br/>
                      <span>
                        <img width="3%" src="passed.png"/>
                        <a href="#" class="method navigator-link" panel-name="suite-Command_line_suite" title="com.cybertek.tests.day08_implicitwait_checkbox_radio_testing.TestNGIntro" hash-for-method="test1">test1</a> <!-- method navigator-link -->
                      </span>
                      <br/>
                      <span>
                        <img width="3%" src="passed.png"/>
                        <a href="#" class="method navigator-link" panel-name="suite-Command_line_suite" title="com.cybertek.tests.day09_testng_dropdown.DropDownTest" hash-for-method="titleTest">titleTest</a> <!-- method navigator-link -->
                      </span>
                      <br/>
                      <span>
                        <img width="3%" src="passed.png"/>
                        <a href="#" class="method navigator-link" panel-name="suite-Command_line_suite" title="com.cybertek.tests.day14_webtables_properties.SmartBearTest" hash-for-method="verifyLinksAfterLogin">verifyLinksAfterLogin</a> <!-- method navigator-link -->
                      </span>
                      <br/>
                      <span>
                        <img width="3%" src="passed.png"/>
                        <a href="#" class="method navigator-link" panel-name="suite-Command_line_suite" title="com.cybertek.tests.day11_alerts_iframe_windows.MultipleWindows_Example_Test" hash-for-method="windowsTest">windowsTest</a> <!-- method navigator-link -->
                      </span>
                      <br/>
                    </div> <!-- method-list-content passed suite-Command_line_suite -->
                  </li>
                </ul>
              </div> <!-- suite-section-content -->
            </div> <!-- result-section -->
          </div> <!-- navigator-suite-content -->
        </div> <!-- rounded-window -->
      </div> <!-- suite -->
    </div> <!-- navigator-root -->
    <div class="wrapper">
      <div class="main-panel-root">
        <div panel-name="suite-Command_line_suite" class="panel Command_line_suite">
          <div class="suite-Command_line_suite-class-failed">
            <div class="main-panel-header rounded-window-top">
              <img src="failed.png"/>
              <span class="class-name">com.cybertek.tests.day18_actions_pom_intro.classActionsDoubleClickTest</span>
            </div> <!-- main-panel-header rounded-window-top -->
            <div class="main-panel-content rounded-window-bottom">
              <div class="method">
                <div class="method-content">
                  <a name="doubleClickForColorChange">
                  </a> <!-- doubleClickForColorChange -->
                  <span class="method-name">doubleClickForColorChange</span>
                  <div class="stack-trace">org.openqa.selenium.NoSuchSessionException: Session ID is null. Using WebDriver after calling quit()?
Build info: version: &apos;3.141.59&apos;, revision: &apos;e82be7d358&apos;, time: &apos;2018-11-14T08:17:03&apos;
System info: host: &apos;DESKTOP-BR5BN6I&apos;, ip: &apos;192.168.0.5&apos;, os.name: &apos;Windows 10&apos;, os.arch: &apos;amd64&apos;, os.version: &apos;10.0&apos;, java.version: &apos;1.8.0_302&apos;
Driver info: driver.version: RemoteWebDriver
	at org.openqa.selenium.remote.HttpCommandExecutor.execute(HttpCommandExecutor.java:125)
	at org.openqa.selenium.remote.service.DriverCommandExecutor.execute(DriverCommandExecutor.java:83)
	at org.openqa.selenium.remote.RemoteWebDriver.execute(RemoteWebDriver.java:552)
	at org.openqa.selenium.remote.RemoteWebDriver.get(RemoteWebDriver.java:277)
	at com.cybertek.tests.day18_actions_pom_intro.classActionsDoubleClickTest.doubleClickForColorChange(classActionsDoubleClickTest.java:15)
	at java.util.ArrayList.forEach(ArrayList.java:1259)
... Removed 37 stack frames
</div> <!-- stack-trace -->
                </div> <!-- method-content -->
              </div> <!-- method -->
            </div> <!-- main-panel-content rounded-window-bottom -->
          </div> <!-- suite-Command_line_suite-class-failed -->
          <div class="suite-Command_line_suite-class-failed">
            <div class="main-panel-header rounded-window-top">
              <img src="failed.png"/>
              <span class="class-name">com.cybertek.tests.day22_explicitwait_review.WaitUntilElemVisibleTest</span>
            </div> <!-- main-panel-header rounded-window-top -->
            <div class="main-panel-content rounded-window-bottom">
              <div class="method">
                <div class="method-content">
                  <a name="cheapInternetSpeedTest">
                  </a> <!-- cheapInternetSpeedTest -->
                  <span class="method-name">cheapInternetSpeedTest</span>
                  <div class="stack-trace">org.openqa.selenium.NoSuchSessionException: Session ID is null. Using WebDriver after calling quit()?
Build info: version: &apos;3.141.59&apos;, revision: &apos;e82be7d358&apos;, time: &apos;2018-11-14T08:17:03&apos;
System info: host: &apos;DESKTOP-BR5BN6I&apos;, ip: &apos;192.168.0.5&apos;, os.name: &apos;Windows 10&apos;, os.arch: &apos;amd64&apos;, os.version: &apos;10.0&apos;, java.version: &apos;1.8.0_302&apos;
Driver info: driver.version: RemoteWebDriver
	at org.openqa.selenium.remote.HttpCommandExecutor.execute(HttpCommandExecutor.java:125)
	at org.openqa.selenium.remote.service.DriverCommandExecutor.execute(DriverCommandExecutor.java:83)
	at org.openqa.selenium.remote.RemoteWebDriver.execute(RemoteWebDriver.java:552)
	at org.openqa.selenium.remote.RemoteWebDriver.get(RemoteWebDriver.java:277)
	at com.cybertek.tests.day22_explicitwait_review.WaitUntilElemVisibleTest.cheapInternetSpeedTest(WaitUntilElemVisibleTest.java:27)
	at java.util.ArrayList.forEach(ArrayList.java:1259)
... Removed 37 stack frames
</div> <!-- stack-trace -->
                </div> <!-- method-content -->
              </div> <!-- method -->
              <div class="method">
                <div class="method-content">
                  <a name="waitForWebDriverElem">
                  </a> <!-- waitForWebDriverElem -->
                  <span class="method-name">waitForWebDriverElem</span>
                  <div class="stack-trace">org.openqa.selenium.NoSuchSessionException: Session ID is null. Using WebDriver after calling quit()?
Build info: version: &apos;3.141.59&apos;, revision: &apos;e82be7d358&apos;, time: &apos;2018-11-14T08:17:03&apos;
System info: host: &apos;DESKTOP-BR5BN6I&apos;, ip: &apos;192.168.0.5&apos;, os.name: &apos;Windows 10&apos;, os.arch: &apos;amd64&apos;, os.version: &apos;10.0&apos;, java.version: &apos;1.8.0_302&apos;
Driver info: driver.version: RemoteWebDriver
	at org.openqa.selenium.remote.HttpCommandExecutor.execute(HttpCommandExecutor.java:125)
	at org.openqa.selenium.remote.service.DriverCommandExecutor.execute(DriverCommandExecutor.java:83)
	at org.openqa.selenium.remote.RemoteWebDriver.execute(RemoteWebDriver.java:552)
	at org.openqa.selenium.remote.RemoteWebDriver.get(RemoteWebDriver.java:277)
	at com.cybertek.tests.day22_explicitwait_review.WaitUntilElemVisibleTest.waitForWebDriverElem(WaitUntilElemVisibleTest.java:14)
	at java.util.ArrayList.forEach(ArrayList.java:1259)
... Removed 37 stack frames
</div> <!-- stack-trace -->
                </div> <!-- method-content -->
              </div> <!-- method -->
            </div> <!-- main-panel-content rounded-window-bottom -->
          </div> <!-- suite-Command_line_suite-class-failed -->
          <div class="suite-Command_line_suite-class-failed">
            <div class="main-panel-header rounded-window-top">
              <img src="failed.png"/>
              <span class="class-name">com.cybertek.tests.day10_dropdown_alert_iframes_windows.CarGurusUsedCarSearchTest</span>
            </div> <!-- main-panel-header rounded-window-top -->
            <div class="main-panel-content rounded-window-bottom">
              <div class="method">
                <div class="method-content">
                  <a name="verifyTitle">
                  </a> <!-- verifyTitle -->
                  <span class="method-name">verifyTitle</span>
                  <div class="stack-trace">java.lang.AssertionError: expected [Buy &amp; Sell Cars: Reviews, Prices, and Financing - CarGurus] but found [Used Toyota Sienna for Sale in Valley Falls, NY - CarGurus]
	at com.cybertek.tests.day10_dropdown_alert_iframes_windows.CarGurusUsedCarSearchTest.verifyTitle(CarGurusUsedCarSearchTest.java:35)
	at java.util.ArrayList.forEach(ArrayList.java:1259)
... Removed 43 stack frames
</div> <!-- stack-trace -->
                </div> <!-- method-content -->
              </div> <!-- method -->
            </div> <!-- main-panel-content rounded-window-bottom -->
          </div> <!-- suite-Command_line_suite-class-failed -->
          <div class="suite-Command_line_suite-class-failed">
            <div class="main-panel-header rounded-window-top">
              <img src="failed.png"/>
              <span class="class-name">com.cybertek.tests.day17_upload_js_executor.JavaScriptExecutorTest</span>
            </div> <!-- main-panel-header rounded-window-top -->
            <div class="main-panel-content rounded-window-bottom">
              <div class="method">
                <div class="method-content">
                  <a name="alertExampleTest">
                  </a> <!-- alertExampleTest -->
                  <span class="method-name">alertExampleTest</span>
                  <div class="stack-trace">org.openqa.selenium.NoSuchSessionException: Session ID is null. Using WebDriver after calling quit()?
Build info: version: &apos;3.141.59&apos;, revision: &apos;e82be7d358&apos;, time: &apos;2018-11-14T08:17:03&apos;
System info: host: &apos;DESKTOP-BR5BN6I&apos;, ip: &apos;192.168.0.5&apos;, os.name: &apos;Windows 10&apos;, os.arch: &apos;amd64&apos;, os.version: &apos;10.0&apos;, java.version: &apos;1.8.0_302&apos;
Driver info: driver.version: RemoteWebDriver
	at org.openqa.selenium.remote.HttpCommandExecutor.execute(HttpCommandExecutor.java:125)
	at org.openqa.selenium.remote.service.DriverCommandExecutor.execute(DriverCommandExecutor.java:83)
	at org.openqa.selenium.remote.RemoteWebDriver.execute(RemoteWebDriver.java:552)
	at org.openqa.selenium.remote.RemoteWebDriver.executeScript(RemoteWebDriver.java:489)
	at com.cybertek.tests.day17_upload_js_executor.JavaScriptExecutorTest.alertExampleTest(JavaScriptExecutorTest.java:17)
	at java.util.ArrayList.forEach(ArrayList.java:1259)
... Removed 37 stack frames
</div> <!-- stack-trace -->
                </div> <!-- method-content -->
              </div> <!-- method -->
              <div class="method">
                <div class="method-content">
                  <a name="loginFacebook">
                  </a> <!-- loginFacebook -->
                  <span class="method-name">loginFacebook</span>
                  <div class="stack-trace">org.openqa.selenium.NoSuchSessionException: Session ID is null. Using WebDriver after calling quit()?
Build info: version: &apos;3.141.59&apos;, revision: &apos;e82be7d358&apos;, time: &apos;2018-11-14T08:17:03&apos;
System info: host: &apos;DESKTOP-BR5BN6I&apos;, ip: &apos;192.168.0.5&apos;, os.name: &apos;Windows 10&apos;, os.arch: &apos;amd64&apos;, os.version: &apos;10.0&apos;, java.version: &apos;1.8.0_302&apos;
Driver info: driver.version: RemoteWebDriver
	at org.openqa.selenium.remote.HttpCommandExecutor.execute(HttpCommandExecutor.java:125)
	at org.openqa.selenium.remote.service.DriverCommandExecutor.execute(DriverCommandExecutor.java:83)
	at org.openqa.selenium.remote.RemoteWebDriver.execute(RemoteWebDriver.java:552)
	at org.openqa.selenium.remote.RemoteWebDriver.get(RemoteWebDriver.java:277)
	at com.cybertek.tests.day17_upload_js_executor.JavaScriptExecutorTest.loginFacebook(JavaScriptExecutorTest.java:52)
	at java.util.ArrayList.forEach(ArrayList.java:1259)
... Removed 37 stack frames
</div> <!-- stack-trace -->
                </div> <!-- method-content -->
              </div> <!-- method -->
              <div class="method">
                <div class="method-content">
                  <a name="scrollElementVisible">
                  </a> <!-- scrollElementVisible -->
                  <span class="method-name">scrollElementVisible</span>
                  <div class="stack-trace">org.openqa.selenium.NoSuchSessionException: Session ID is null. Using WebDriver after calling quit()?
Build info: version: &apos;3.141.59&apos;, revision: &apos;e82be7d358&apos;, time: &apos;2018-11-14T08:17:03&apos;
System info: host: &apos;DESKTOP-BR5BN6I&apos;, ip: &apos;192.168.0.5&apos;, os.name: &apos;Windows 10&apos;, os.arch: &apos;amd64&apos;, os.version: &apos;10.0&apos;, java.version: &apos;1.8.0_302&apos;
Driver info: driver.version: RemoteWebDriver
	at org.openqa.selenium.remote.HttpCommandExecutor.execute(HttpCommandExecutor.java:125)
	at org.openqa.selenium.remote.service.DriverCommandExecutor.execute(DriverCommandExecutor.java:83)
	at org.openqa.selenium.remote.RemoteWebDriver.execute(RemoteWebDriver.java:552)
	at org.openqa.selenium.remote.RemoteWebDriver.get(RemoteWebDriver.java:277)
	at com.cybertek.tests.day17_upload_js_executor.JavaScriptExecutorTest.scrollElementVisible(JavaScriptExecutorTest.java:40)
	at java.util.ArrayList.forEach(ArrayList.java:1259)
... Removed 37 stack frames
</div> <!-- stack-trace -->
                </div> <!-- method-content -->
              </div> <!-- method -->
              <div class="method">
                <div class="method-content">
                  <a name="scrollTest">
                  </a> <!-- scrollTest -->
                  <span class="method-name">scrollTest</span>
                  <div class="stack-trace">org.openqa.selenium.NoSuchSessionException: Session ID is null. Using WebDriver after calling quit()?
Build info: version: &apos;3.141.59&apos;, revision: &apos;e82be7d358&apos;, time: &apos;2018-11-14T08:17:03&apos;
System info: host: &apos;DESKTOP-BR5BN6I&apos;, ip: &apos;192.168.0.5&apos;, os.name: &apos;Windows 10&apos;, os.arch: &apos;amd64&apos;, os.version: &apos;10.0&apos;, java.version: &apos;1.8.0_302&apos;
Driver info: driver.version: RemoteWebDriver
	at org.openqa.selenium.remote.HttpCommandExecutor.execute(HttpCommandExecutor.java:125)
	at org.openqa.selenium.remote.service.DriverCommandExecutor.execute(DriverCommandExecutor.java:83)
	at org.openqa.selenium.remote.RemoteWebDriver.execute(RemoteWebDriver.java:552)
	at org.openqa.selenium.remote.RemoteWebDriver.get(RemoteWebDriver.java:277)
	at com.cybertek.tests.day17_upload_js_executor.JavaScriptExecutorTest.scrollTest(JavaScriptExecutorTest.java:26)
	at java.util.ArrayList.forEach(ArrayList.java:1259)
... Removed 37 stack frames
</div> <!-- stack-trace -->
                </div> <!-- method-content -->
              </div> <!-- method -->
            </div> <!-- main-panel-content rounded-window-bottom -->
          </div> <!-- suite-Command_line_suite-class-failed -->
          <div class="suite-Command_line_suite-class-failed">
            <div class="main-panel-header rounded-window-top">
              <img src="failed.png"/>
              <span class="class-name">com.cybertek.tests.day18_actions_pom_intro.ActionClassDemoTest</span>
            </div> <!-- main-panel-header rounded-window-top -->
            <div class="main-panel-content rounded-window-bottom">
              <div class="method">
                <div class="method-content">
                  <a name="googleActionsTest">
                  </a> <!-- googleActionsTest -->
                  <span class="method-name">googleActionsTest</span>
                  <div class="stack-trace">org.openqa.selenium.NoSuchSessionException: Session ID is null. Using WebDriver after calling quit()?
Build info: version: &apos;3.141.59&apos;, revision: &apos;e82be7d358&apos;, time: &apos;2018-11-14T08:17:03&apos;
System info: host: &apos;DESKTOP-BR5BN6I&apos;, ip: &apos;192.168.0.5&apos;, os.name: &apos;Windows 10&apos;, os.arch: &apos;amd64&apos;, os.version: &apos;10.0&apos;, java.version: &apos;1.8.0_302&apos;
Driver info: driver.version: RemoteWebDriver
	at org.openqa.selenium.remote.HttpCommandExecutor.execute(HttpCommandExecutor.java:125)
	at org.openqa.selenium.remote.service.DriverCommandExecutor.execute(DriverCommandExecutor.java:83)
	at org.openqa.selenium.remote.RemoteWebDriver.execute(RemoteWebDriver.java:552)
	at org.openqa.selenium.remote.RemoteWebDriver.get(RemoteWebDriver.java:277)
	at com.cybertek.tests.day18_actions_pom_intro.ActionClassDemoTest.googleActionsTest(ActionClassDemoTest.java:53)
	at java.util.ArrayList.forEach(ArrayList.java:1259)
... Removed 37 stack frames
</div> <!-- stack-trace -->
                </div> <!-- method-content -->
              </div> <!-- method -->
              <div class="method">
                <div class="method-content">
                  <a name="hoverElementTest">
                  </a> <!-- hoverElementTest -->
                  <span class="method-name">hoverElementTest</span>
                  <div class="stack-trace">org.openqa.selenium.NoSuchSessionException: Session ID is null. Using WebDriver after calling quit()?
Build info: version: &apos;3.141.59&apos;, revision: &apos;e82be7d358&apos;, time: &apos;2018-11-14T08:17:03&apos;
System info: host: &apos;DESKTOP-BR5BN6I&apos;, ip: &apos;192.168.0.5&apos;, os.name: &apos;Windows 10&apos;, os.arch: &apos;amd64&apos;, os.version: &apos;10.0&apos;, java.version: &apos;1.8.0_302&apos;
Driver info: driver.version: RemoteWebDriver
	at org.openqa.selenium.remote.HttpCommandExecutor.execute(HttpCommandExecutor.java:125)
	at org.openqa.selenium.remote.service.DriverCommandExecutor.execute(DriverCommandExecutor.java:83)
	at org.openqa.selenium.remote.RemoteWebDriver.execute(RemoteWebDriver.java:552)
	at org.openqa.selenium.remote.RemoteWebDriver.get(RemoteWebDriver.java:277)
	at com.cybertek.tests.day18_actions_pom_intro.ActionClassDemoTest.hoverElementTest(ActionClassDemoTest.java:19)
	at java.util.ArrayList.forEach(ArrayList.java:1259)
... Removed 37 stack frames
</div> <!-- stack-trace -->
                </div> <!-- method-content -->
              </div> <!-- method -->
              <div class="method">
                <div class="method-content">
                  <a name="loopActions">
                  </a> <!-- loopActions -->
                  <span class="method-name">loopActions</span>
                  <div class="stack-trace">org.openqa.selenium.NoSuchSessionException: Session ID is null. Using WebDriver after calling quit()?
Build info: version: &apos;3.141.59&apos;, revision: &apos;e82be7d358&apos;, time: &apos;2018-11-14T08:17:03&apos;
System info: host: &apos;DESKTOP-BR5BN6I&apos;, ip: &apos;192.168.0.5&apos;, os.name: &apos;Windows 10&apos;, os.arch: &apos;amd64&apos;, os.version: &apos;10.0&apos;, java.version: &apos;1.8.0_302&apos;
Driver info: driver.version: RemoteWebDriver
	at org.openqa.selenium.remote.HttpCommandExecutor.execute(HttpCommandExecutor.java:125)
	at org.openqa.selenium.remote.service.DriverCommandExecutor.execute(DriverCommandExecutor.java:83)
	at org.openqa.selenium.remote.RemoteWebDriver.execute(RemoteWebDriver.java:552)
	at org.openqa.selenium.remote.RemoteWebDriver.get(RemoteWebDriver.java:277)
	at com.cybertek.tests.day18_actions_pom_intro.ActionClassDemoTest.loopActions(ActionClassDemoTest.java:37)
	at java.util.ArrayList.forEach(ArrayList.java:1259)
... Removed 37 stack frames
</div> <!-- stack-trace -->
                </div> <!-- method-content -->
              </div> <!-- method -->
            </div> <!-- main-panel-content rounded-window-bottom -->
          </div> <!-- suite-Command_line_suite-class-failed -->
          <div class="suite-Command_line_suite-class-failed">
            <div class="main-panel-header rounded-window-top">
              <img src="failed.png"/>
              <span class="class-name">com.cybertek.WeeklyAssignments.HoverTest</span>
            </div> <!-- main-panel-header rounded-window-top -->
            <div class="main-panel-content rounded-window-bottom">
              <div class="method">
                <div class="method-content">
                  <a name="contextClickTest">
                  </a> <!-- contextClickTest -->
                  <span class="method-name">contextClickTest</span>
                  <div class="stack-trace">org.openqa.selenium.NoSuchSessionException: Session ID is null. Using WebDriver after calling quit()?
Build info: version: &apos;3.141.59&apos;, revision: &apos;e82be7d358&apos;, time: &apos;2018-11-14T08:17:03&apos;
System info: host: &apos;DESKTOP-BR5BN6I&apos;, ip: &apos;192.168.0.5&apos;, os.name: &apos;Windows 10&apos;, os.arch: &apos;amd64&apos;, os.version: &apos;10.0&apos;, java.version: &apos;1.8.0_302&apos;
Driver info: driver.version: RemoteWebDriver
	at org.openqa.selenium.remote.HttpCommandExecutor.execute(HttpCommandExecutor.java:125)
	at org.openqa.selenium.remote.service.DriverCommandExecutor.execute(DriverCommandExecutor.java:83)
	at org.openqa.selenium.remote.RemoteWebDriver.execute(RemoteWebDriver.java:552)
	at org.openqa.selenium.remote.RemoteWebDriver.get(RemoteWebDriver.java:277)
	at com.cybertek.WeeklyAssignments.HoverTest.contextClickTest(HoverTest.java:35)
	at java.util.ArrayList.forEach(ArrayList.java:1259)
... Removed 37 stack frames
</div> <!-- stack-trace -->
                </div> <!-- method-content -->
              </div> <!-- method -->
              <div class="method">
                <div class="method-content">
                  <a name="dragDropTest">
                  </a> <!-- dragDropTest -->
                  <span class="method-name">dragDropTest</span>
                  <div class="stack-trace">org.openqa.selenium.NoSuchSessionException: Session ID is null. Using WebDriver after calling quit()?
Build info: version: &apos;3.141.59&apos;, revision: &apos;e82be7d358&apos;, time: &apos;2018-11-14T08:17:03&apos;
System info: host: &apos;DESKTOP-BR5BN6I&apos;, ip: &apos;192.168.0.5&apos;, os.name: &apos;Windows 10&apos;, os.arch: &apos;amd64&apos;, os.version: &apos;10.0&apos;, java.version: &apos;1.8.0_302&apos;
Driver info: driver.version: RemoteWebDriver
	at org.openqa.selenium.remote.HttpCommandExecutor.execute(HttpCommandExecutor.java:125)
	at org.openqa.selenium.remote.service.DriverCommandExecutor.execute(DriverCommandExecutor.java:83)
	at org.openqa.selenium.remote.RemoteWebDriver.execute(RemoteWebDriver.java:552)
	at org.openqa.selenium.remote.RemoteWebDriver.get(RemoteWebDriver.java:277)
	at com.cybertek.WeeklyAssignments.HoverTest.dragDropTest(HoverTest.java:45)
	at java.util.ArrayList.forEach(ArrayList.java:1259)
... Removed 37 stack frames
</div> <!-- stack-trace -->
                </div> <!-- method-content -->
              </div> <!-- method -->
              <div class="method">
                <div class="method-content">
                  <a name="hoverTest">
                  </a> <!-- hoverTest -->
                  <span class="method-name">hoverTest</span>
                  <div class="stack-trace">org.openqa.selenium.NoSuchSessionException: Session ID is null. Using WebDriver after calling quit()?
Build info: version: &apos;3.141.59&apos;, revision: &apos;e82be7d358&apos;, time: &apos;2018-11-14T08:17:03&apos;
System info: host: &apos;DESKTOP-BR5BN6I&apos;, ip: &apos;192.168.0.5&apos;, os.name: &apos;Windows 10&apos;, os.arch: &apos;amd64&apos;, os.version: &apos;10.0&apos;, java.version: &apos;1.8.0_302&apos;
Driver info: driver.version: RemoteWebDriver
	at org.openqa.selenium.remote.HttpCommandExecutor.execute(HttpCommandExecutor.java:125)
	at org.openqa.selenium.remote.service.DriverCommandExecutor.execute(DriverCommandExecutor.java:83)
	at org.openqa.selenium.remote.RemoteWebDriver.execute(RemoteWebDriver.java:552)
	at org.openqa.selenium.remote.RemoteWebDriver.get(RemoteWebDriver.java:277)
	at com.cybertek.WeeklyAssignments.HoverTest.hoverTest(HoverTest.java:16)
	at java.util.ArrayList.forEach(ArrayList.java:1259)
... Removed 37 stack frames
</div> <!-- stack-trace -->
                </div> <!-- method-content -->
              </div> <!-- method -->
            </div> <!-- main-panel-content rounded-window-bottom -->
          </div> <!-- suite-Command_line_suite-class-failed -->
          <div class="suite-Command_line_suite-class-failed">
            <div class="main-panel-header rounded-window-top">
              <img src="failed.png"/>
              <span class="class-name">com.cybertek.tests.OfficeHour.day04_PlaceOrderTest</span>
            </div> <!-- main-panel-header rounded-window-top -->
            <div class="main-panel-content rounded-window-bottom">
              <div class="method">
                <div class="method-content">
                  <a name="placeOrder">
                  </a> <!-- placeOrder -->
                  <span class="method-name">placeOrder</span>
                  <div class="stack-trace">org.openqa.selenium.NoSuchSessionException: Session ID is null. Using WebDriver after calling quit()?
Build info: version: &apos;3.141.59&apos;, revision: &apos;e82be7d358&apos;, time: &apos;2018-11-14T08:17:03&apos;
System info: host: &apos;DESKTOP-BR5BN6I&apos;, ip: &apos;192.168.0.5&apos;, os.name: &apos;Windows 10&apos;, os.arch: &apos;amd64&apos;, os.version: &apos;10.0&apos;, java.version: &apos;1.8.0_302&apos;
Driver info: driver.version: RemoteWebDriver
	at org.openqa.selenium.remote.HttpCommandExecutor.execute(HttpCommandExecutor.java:125)
	at org.openqa.selenium.remote.service.DriverCommandExecutor.execute(DriverCommandExecutor.java:83)
	at org.openqa.selenium.remote.RemoteWebDriver.execute(RemoteWebDriver.java:552)
	at org.openqa.selenium.remote.RemoteWebDriver.get(RemoteWebDriver.java:277)
	at com.cybertek.tests.OfficeHour.day04_PlaceOrderTest.placeOrder(day04_PlaceOrderTest.java:34)
	at java.util.ArrayList.forEach(ArrayList.java:1259)
... Removed 37 stack frames
</div> <!-- stack-trace -->
                </div> <!-- method-content -->
              </div> <!-- method -->
            </div> <!-- main-panel-content rounded-window-bottom -->
          </div> <!-- suite-Command_line_suite-class-failed -->
          <div class="suite-Command_line_suite-class-failed">
            <div class="main-panel-header rounded-window-top">
              <img src="failed.png"/>
              <span class="class-name">com.cybertek.tests.day18_actions_pom_intro.ActionsSendKeysTest</span>
            </div> <!-- main-panel-header rounded-window-top -->
            <div class="main-panel-content rounded-window-bottom">
              <div class="method">
                <div class="method-content">
                  <a name="rightClickTest">
                  </a> <!-- rightClickTest -->
                  <span class="method-name">rightClickTest</span>
                  <div class="stack-trace">org.openqa.selenium.NoSuchSessionException: Session ID is null. Using WebDriver after calling quit()?
Build info: version: &apos;3.141.59&apos;, revision: &apos;e82be7d358&apos;, time: &apos;2018-11-14T08:17:03&apos;
System info: host: &apos;DESKTOP-BR5BN6I&apos;, ip: &apos;192.168.0.5&apos;, os.name: &apos;Windows 10&apos;, os.arch: &apos;amd64&apos;, os.version: &apos;10.0&apos;, java.version: &apos;1.8.0_302&apos;
Driver info: driver.version: RemoteWebDriver
	at org.openqa.selenium.remote.HttpCommandExecutor.execute(HttpCommandExecutor.java:125)
	at org.openqa.selenium.remote.service.DriverCommandExecutor.execute(DriverCommandExecutor.java:83)
	at org.openqa.selenium.remote.RemoteWebDriver.execute(RemoteWebDriver.java:552)
	at org.openqa.selenium.remote.RemoteWebDriver.get(RemoteWebDriver.java:277)
	at com.cybertek.tests.day18_actions_pom_intro.ActionsSendKeysTest.rightClickTest(ActionsSendKeysTest.java:28)
	at java.util.ArrayList.forEach(ArrayList.java:1259)
... Removed 37 stack frames
</div> <!-- stack-trace -->
                </div> <!-- method-content -->
              </div> <!-- method -->
              <div class="method">
                <div class="method-content">
                  <a name="scrollWithKeysTest">
                  </a> <!-- scrollWithKeysTest -->
                  <span class="method-name">scrollWithKeysTest</span>
                  <div class="stack-trace">org.openqa.selenium.NoSuchSessionException: Session ID is null. Using WebDriver after calling quit()?
Build info: version: &apos;3.141.59&apos;, revision: &apos;e82be7d358&apos;, time: &apos;2018-11-14T08:17:03&apos;
System info: host: &apos;DESKTOP-BR5BN6I&apos;, ip: &apos;192.168.0.5&apos;, os.name: &apos;Windows 10&apos;, os.arch: &apos;amd64&apos;, os.version: &apos;10.0&apos;, java.version: &apos;1.8.0_302&apos;
Driver info: driver.version: RemoteWebDriver
	at org.openqa.selenium.remote.HttpCommandExecutor.execute(HttpCommandExecutor.java:125)
	at org.openqa.selenium.remote.service.DriverCommandExecutor.execute(DriverCommandExecutor.java:83)
	at org.openqa.selenium.remote.RemoteWebDriver.execute(RemoteWebDriver.java:552)
	at org.openqa.selenium.remote.RemoteWebDriver.get(RemoteWebDriver.java:277)
	at com.cybertek.tests.day18_actions_pom_intro.ActionsSendKeysTest.scrollWithKeysTest(ActionsSendKeysTest.java:15)
	at java.util.ArrayList.forEach(ArrayList.java:1259)
... Removed 37 stack frames
</div> <!-- stack-trace -->
                </div> <!-- method-content -->
              </div> <!-- method -->
            </div> <!-- main-panel-content rounded-window-bottom -->
          </div> <!-- suite-Command_line_suite-class-failed -->
          <div class="suite-Command_line_suite-class-failed">
            <div class="main-panel-header rounded-window-top">
              <img src="failed.png"/>
              <span class="class-name">com.cybertek.tests.day17_upload_js_executor.Guru99UploadTest</span>
            </div> <!-- main-panel-header rounded-window-top -->
            <div class="main-panel-content rounded-window-bottom">
              <div class="method">
                <div class="method-content">
                  <a name="uploadFileTest">
                  </a> <!-- uploadFileTest -->
                  <span class="method-name">uploadFileTest</span>
                  <div class="stack-trace">org.openqa.selenium.NoSuchSessionException: Session ID is null. Using WebDriver after calling quit()?
Build info: version: &apos;3.141.59&apos;, revision: &apos;e82be7d358&apos;, time: &apos;2018-11-14T08:17:03&apos;
System info: host: &apos;DESKTOP-BR5BN6I&apos;, ip: &apos;192.168.0.5&apos;, os.name: &apos;Windows 10&apos;, os.arch: &apos;amd64&apos;, os.version: &apos;10.0&apos;, java.version: &apos;1.8.0_302&apos;
Driver info: driver.version: RemoteWebDriver
	at org.openqa.selenium.remote.HttpCommandExecutor.execute(HttpCommandExecutor.java:125)
	at org.openqa.selenium.remote.service.DriverCommandExecutor.execute(DriverCommandExecutor.java:83)
	at org.openqa.selenium.remote.RemoteWebDriver.execute(RemoteWebDriver.java:552)
	at org.openqa.selenium.remote.RemoteWebDriver.get(RemoteWebDriver.java:277)
	at com.cybertek.tests.day17_upload_js_executor.Guru99UploadTest.uploadFileTest(Guru99UploadTest.java:15)
	at java.util.ArrayList.forEach(ArrayList.java:1259)
... Removed 37 stack frames
</div> <!-- stack-trace -->
                </div> <!-- method-content -->
              </div> <!-- method -->
            </div> <!-- main-panel-content rounded-window-bottom -->
          </div> <!-- suite-Command_line_suite-class-failed -->
          <div class="suite-Command_line_suite-class-failed">
            <div class="main-panel-header rounded-window-top">
              <img src="failed.png"/>
              <span class="class-name">com.cybertek.tests.day08_implicitwait_checkbox_radio_testing.TestNGIntro</span>
            </div> <!-- main-panel-header rounded-window-top -->
            <div class="main-panel-content rounded-window-bottom">
              <div class="method">
                <div class="method-content">
                  <a name="test2">
                  </a> <!-- test2 -->
                  <span class="method-name">test2</span>
                  <div class="stack-trace">java.lang.ArithmeticException: / by zero
	at com.cybertek.tests.day08_implicitwait_checkbox_radio_testing.TestNGIntro.test2(TestNGIntro.java:15)
	at java.util.ArrayList.forEach(ArrayList.java:1259)
... Removed 37 stack frames
</div> <!-- stack-trace -->
                </div> <!-- method-content -->
              </div> <!-- method -->
            </div> <!-- main-panel-content rounded-window-bottom -->
          </div> <!-- suite-Command_line_suite-class-failed -->
          <div class="suite-Command_line_suite-class-failed">
            <div class="main-panel-header rounded-window-top">
              <img src="failed.png"/>
              <span class="class-name">com.cybertek.tests.day18_actions_pom_intro.EtsySubscribeTest</span>
            </div> <!-- main-panel-header rounded-window-top -->
            <div class="main-panel-content rounded-window-bottom">
              <div class="method">
                <div class="method-content">
                  <a name="randomEmailSubscribeTest">
                  </a> <!-- randomEmailSubscribeTest -->
                  <span class="method-name">randomEmailSubscribeTest</span>
                  <div class="stack-trace">org.openqa.selenium.NoSuchSessionException: Session ID is null. Using WebDriver after calling quit()?
Build info: version: &apos;3.141.59&apos;, revision: &apos;e82be7d358&apos;, time: &apos;2018-11-14T08:17:03&apos;
System info: host: &apos;DESKTOP-BR5BN6I&apos;, ip: &apos;192.168.0.5&apos;, os.name: &apos;Windows 10&apos;, os.arch: &apos;amd64&apos;, os.version: &apos;10.0&apos;, java.version: &apos;1.8.0_302&apos;
Driver info: driver.version: RemoteWebDriver
	at org.openqa.selenium.remote.HttpCommandExecutor.execute(HttpCommandExecutor.java:125)
	at org.openqa.selenium.remote.service.DriverCommandExecutor.execute(DriverCommandExecutor.java:83)
	at org.openqa.selenium.remote.RemoteWebDriver.execute(RemoteWebDriver.java:552)
	at org.openqa.selenium.remote.RemoteWebDriver.get(RemoteWebDriver.java:277)
	at com.cybertek.tests.day18_actions_pom_intro.EtsySubscribeTest.randomEmailSubscribeTest(EtsySubscribeTest.java:26)
	at java.util.ArrayList.forEach(ArrayList.java:1259)
... Removed 37 stack frames
</div> <!-- stack-trace -->
                </div> <!-- method-content -->
              </div> <!-- method -->
            </div> <!-- main-panel-content rounded-window-bottom -->
          </div> <!-- suite-Command_line_suite-class-failed -->
          <div class="suite-Command_line_suite-class-failed">
            <div class="main-panel-header rounded-window-top">
              <img src="failed.png"/>
              <span class="class-name">com.cybertek.tests.day19_page_object_model.DragAndDropTest</span>
            </div> <!-- main-panel-header rounded-window-top -->
            <div class="main-panel-content rounded-window-bottom">
              <div class="method">
                <div class="method-content">
                  <a name="cargurusPriceSliderTest">
                  </a> <!-- cargurusPriceSliderTest -->
                  <span class="method-name">cargurusPriceSliderTest</span>
                  <div class="stack-trace">org.openqa.selenium.NoSuchSessionException: Session ID is null. Using WebDriver after calling quit()?
Build info: version: &apos;3.141.59&apos;, revision: &apos;e82be7d358&apos;, time: &apos;2018-11-14T08:17:03&apos;
System info: host: &apos;DESKTOP-BR5BN6I&apos;, ip: &apos;192.168.0.5&apos;, os.name: &apos;Windows 10&apos;, os.arch: &apos;amd64&apos;, os.version: &apos;10.0&apos;, java.version: &apos;1.8.0_302&apos;
Driver info: driver.version: RemoteWebDriver
	at org.openqa.selenium.remote.HttpCommandExecutor.execute(HttpCommandExecutor.java:125)
	at org.openqa.selenium.remote.service.DriverCommandExecutor.execute(DriverCommandExecutor.java:83)
	at org.openqa.selenium.remote.RemoteWebDriver.execute(RemoteWebDriver.java:552)
	at org.openqa.selenium.remote.RemoteWebDriver.get(RemoteWebDriver.java:277)
	at com.cybertek.tests.day19_page_object_model.DragAndDropTest.cargurusPriceSliderTest(DragAndDropTest.java:29)
	at java.util.ArrayList.forEach(ArrayList.java:1259)
... Removed 37 stack frames
</div> <!-- stack-trace -->
                </div> <!-- method-content -->
              </div> <!-- method -->
              <div class="method">
                <div class="method-content">
                  <a name="guru99DragAndDropTest">
                  </a> <!-- guru99DragAndDropTest -->
                  <span class="method-name">guru99DragAndDropTest</span>
                  <div class="stack-trace">org.openqa.selenium.NoSuchSessionException: Session ID is null. Using WebDriver after calling quit()?
Build info: version: &apos;3.141.59&apos;, revision: &apos;e82be7d358&apos;, time: &apos;2018-11-14T08:17:03&apos;
System info: host: &apos;DESKTOP-BR5BN6I&apos;, ip: &apos;192.168.0.5&apos;, os.name: &apos;Windows 10&apos;, os.arch: &apos;amd64&apos;, os.version: &apos;10.0&apos;, java.version: &apos;1.8.0_302&apos;
Driver info: driver.version: RemoteWebDriver
	at org.openqa.selenium.remote.HttpCommandExecutor.execute(HttpCommandExecutor.java:125)
	at org.openqa.selenium.remote.service.DriverCommandExecutor.execute(DriverCommandExecutor.java:83)
	at org.openqa.selenium.remote.RemoteWebDriver.execute(RemoteWebDriver.java:552)
	at org.openqa.selenium.remote.RemoteWebDriver.get(RemoteWebDriver.java:277)
	at com.cybertek.tests.day19_page_object_model.DragAndDropTest.guru99DragAndDropTest(DragAndDropTest.java:14)
	at java.util.ArrayList.forEach(ArrayList.java:1259)
... Removed 37 stack frames
</div> <!-- stack-trace -->
                </div> <!-- method-content -->
              </div> <!-- method -->
            </div> <!-- main-panel-content rounded-window-bottom -->
          </div> <!-- suite-Command_line_suite-class-failed -->
          <div class="suite-Command_line_suite-class-failed">
            <div class="main-panel-header rounded-window-top">
              <img src="failed.png"/>
              <span class="class-name">com.cybertek.tests.day19_page_object_model.LibraryLoginPOMTest</span>
            </div> <!-- main-panel-header rounded-window-top -->
            <div class="main-panel-content rounded-window-bottom">
              <div class="method">
                <div class="method-content">
                  <a name="invalidCredentialsTest">
                  </a> <!-- invalidCredentialsTest -->
                  <span class="method-name">invalidCredentialsTest</span>
                  <div class="stack-trace">java.lang.NullPointerException: null value in entry: url=null
	at com.google.common.collect.CollectPreconditions.checkEntryNotNull(CollectPreconditions.java:32)
	at com.google.common.collect.SingletonImmutableBiMap.&lt;init&gt;(SingletonImmutableBiMap.java:42)
	at com.google.common.collect.ImmutableBiMap.of(ImmutableBiMap.java:72)
	at com.google.common.collect.ImmutableMap.of(ImmutableMap.java:124)
	at org.openqa.selenium.remote.RemoteWebDriver.get(RemoteWebDriver.java:277)
	at com.cybertek.tests.day19_page_object_model.LibraryLoginPOMTest.invalidCredentialsTest(LibraryLoginPOMTest.java:13)
	at java.util.ArrayList.forEach(ArrayList.java:1259)
... Removed 37 stack frames
</div> <!-- stack-trace -->
                </div> <!-- method-content -->
              </div> <!-- method -->
              <div class="method">
                <div class="method-content">
                  <a name="positiveLoginTest">
                  </a> <!-- positiveLoginTest -->
                  <span class="method-name">positiveLoginTest</span>
                  <div class="stack-trace">java.lang.NullPointerException: null value in entry: url=null
	at com.google.common.collect.CollectPreconditions.checkEntryNotNull(CollectPreconditions.java:32)
	at com.google.common.collect.SingletonImmutableBiMap.&lt;init&gt;(SingletonImmutableBiMap.java:42)
	at com.google.common.collect.ImmutableBiMap.of(ImmutableBiMap.java:72)
	at com.google.common.collect.ImmutableMap.of(ImmutableMap.java:124)
	at org.openqa.selenium.remote.RemoteWebDriver.get(RemoteWebDriver.java:277)
	at com.cybertek.tests.day19_page_object_model.LibraryLoginPOMTest.positiveLoginTest(LibraryLoginPOMTest.java:24)
	at java.util.ArrayList.forEach(ArrayList.java:1259)
... Removed 37 stack frames
</div> <!-- stack-trace -->
                </div> <!-- method-content -->
              </div> <!-- method -->
            </div> <!-- main-panel-content rounded-window-bottom -->
          </div> <!-- suite-Command_line_suite-class-failed -->
          <div class="suite-Command_line_suite-class-failed">
            <div class="main-panel-header rounded-window-top">
              <img src="failed.png"/>
              <span class="class-name">com.cybertek.tests.day19_page_object_model.logingPOMTest</span>
            </div> <!-- main-panel-header rounded-window-top -->
            <div class="main-panel-content rounded-window-bottom">
              <div class="method">
                <div class="method-content">
                  <a name="invalidTest">
                  </a> <!-- invalidTest -->
                  <span class="method-name">invalidTest</span>
                  <div class="stack-trace">org.openqa.selenium.NoSuchSessionException: Session ID is null. Using WebDriver after calling quit()?
Build info: version: &apos;3.141.59&apos;, revision: &apos;e82be7d358&apos;, time: &apos;2018-11-14T08:17:03&apos;
System info: host: &apos;DESKTOP-BR5BN6I&apos;, ip: &apos;192.168.0.5&apos;, os.name: &apos;Windows 10&apos;, os.arch: &apos;amd64&apos;, os.version: &apos;10.0&apos;, java.version: &apos;1.8.0_302&apos;
Driver info: driver.version: RemoteWebDriver
	at org.openqa.selenium.remote.HttpCommandExecutor.execute(HttpCommandExecutor.java:125)
	at org.openqa.selenium.remote.service.DriverCommandExecutor.execute(DriverCommandExecutor.java:83)
	at org.openqa.selenium.remote.RemoteWebDriver.execute(RemoteWebDriver.java:552)
	at org.openqa.selenium.remote.RemoteWebDriver.get(RemoteWebDriver.java:277)
	at com.cybertek.tests.day19_page_object_model.logingPOMTest.invalidTest(logingPOMTest.java:12)
	at java.util.ArrayList.forEach(ArrayList.java:1259)
... Removed 37 stack frames
</div> <!-- stack-trace -->
                </div> <!-- method-content -->
              </div> <!-- method -->
              <div class="method">
                <div class="method-content">
                  <a name="validTest">
                  </a> <!-- validTest -->
                  <span class="method-name">validTest</span>
                  <div class="stack-trace">org.openqa.selenium.NoSuchSessionException: Session ID is null. Using WebDriver after calling quit()?
Build info: version: &apos;3.141.59&apos;, revision: &apos;e82be7d358&apos;, time: &apos;2018-11-14T08:17:03&apos;
System info: host: &apos;DESKTOP-BR5BN6I&apos;, ip: &apos;192.168.0.5&apos;, os.name: &apos;Windows 10&apos;, os.arch: &apos;amd64&apos;, os.version: &apos;10.0&apos;, java.version: &apos;1.8.0_302&apos;
Driver info: driver.version: RemoteWebDriver
	at org.openqa.selenium.remote.HttpCommandExecutor.execute(HttpCommandExecutor.java:125)
	at org.openqa.selenium.remote.service.DriverCommandExecutor.execute(DriverCommandExecutor.java:83)
	at org.openqa.selenium.remote.RemoteWebDriver.execute(RemoteWebDriver.java:552)
	at org.openqa.selenium.remote.RemoteWebDriver.get(RemoteWebDriver.java:277)
	at com.cybertek.tests.day19_page_object_model.logingPOMTest.validTest(logingPOMTest.java:22)
	at java.util.ArrayList.forEach(ArrayList.java:1259)
... Removed 37 stack frames
</div> <!-- stack-trace -->
                </div> <!-- method-content -->
              </div> <!-- method -->
            </div> <!-- main-panel-content rounded-window-bottom -->
          </div> <!-- suite-Command_line_suite-class-failed -->
          <div class="suite-Command_line_suite-class-failed">
            <div class="main-panel-header rounded-window-top">
              <img src="failed.png"/>
              <span class="class-name">com.cybertek.tests.day16_download_uploaded_js_executor.File_DownloadTest</span>
            </div> <!-- main-panel-header rounded-window-top -->
            <div class="main-panel-content rounded-window-bottom">
              <div class="method">
                <div class="method-content">
                  <a name="fileDownloadTest">
                  </a> <!-- fileDownloadTest -->
                  <span class="method-name">fileDownloadTest</span>
                  <div class="stack-trace">org.openqa.selenium.NoSuchSessionException: Session ID is null. Using WebDriver after calling quit()?
Build info: version: &apos;3.141.59&apos;, revision: &apos;e82be7d358&apos;, time: &apos;2018-11-14T08:17:03&apos;
System info: host: &apos;DESKTOP-BR5BN6I&apos;, ip: &apos;192.168.0.5&apos;, os.name: &apos;Windows 10&apos;, os.arch: &apos;amd64&apos;, os.version: &apos;10.0&apos;, java.version: &apos;1.8.0_302&apos;
Driver info: driver.version: RemoteWebDriver
	at org.openqa.selenium.remote.HttpCommandExecutor.execute(HttpCommandExecutor.java:125)
	at org.openqa.selenium.remote.service.DriverCommandExecutor.execute(DriverCommandExecutor.java:83)
	at org.openqa.selenium.remote.RemoteWebDriver.execute(RemoteWebDriver.java:552)
	at org.openqa.selenium.remote.RemoteWebDriver.get(RemoteWebDriver.java:277)
	at com.cybertek.tests.day16_download_uploaded_js_executor.File_DownloadTest.fileDownloadTest(File_DownloadTest.java:16)
	at java.util.ArrayList.forEach(ArrayList.java:1259)
... Removed 37 stack frames
</div> <!-- stack-trace -->
                </div> <!-- method-content -->
              </div> <!-- method -->
            </div> <!-- main-panel-content rounded-window-bottom -->
          </div> <!-- suite-Command_line_suite-class-failed -->
          <div class="suite-Command_line_suite-class-failed">
            <div class="main-panel-header rounded-window-top">
              <img src="failed.png"/>
              <span class="class-name">com.cybertek.tests.day18_actions_pom_intro.ActionsDragAndDropTest</span>
            </div> <!-- main-panel-header rounded-window-top -->
            <div class="main-panel-content rounded-window-bottom">
              <div class="method">
                <div class="method-content">
                  <a name="dragAndDropTest">
                  </a> <!-- dragAndDropTest -->
                  <span class="method-name">dragAndDropTest</span>
                  <div class="stack-trace">org.openqa.selenium.NoSuchSessionException: Session ID is null. Using WebDriver after calling quit()?
Build info: version: &apos;3.141.59&apos;, revision: &apos;e82be7d358&apos;, time: &apos;2018-11-14T08:17:03&apos;
System info: host: &apos;DESKTOP-BR5BN6I&apos;, ip: &apos;192.168.0.5&apos;, os.name: &apos;Windows 10&apos;, os.arch: &apos;amd64&apos;, os.version: &apos;10.0&apos;, java.version: &apos;1.8.0_302&apos;
Driver info: driver.version: RemoteWebDriver
	at org.openqa.selenium.remote.HttpCommandExecutor.execute(HttpCommandExecutor.java:125)
	at org.openqa.selenium.remote.service.DriverCommandExecutor.execute(DriverCommandExecutor.java:83)
	at org.openqa.selenium.remote.RemoteWebDriver.execute(RemoteWebDriver.java:552)
	at org.openqa.selenium.remote.RemoteWebDriver.get(RemoteWebDriver.java:277)
	at com.cybertek.tests.day18_actions_pom_intro.ActionsDragAndDropTest.dragAndDropTest(ActionsDragAndDropTest.java:14)
	at java.util.ArrayList.forEach(ArrayList.java:1259)
... Removed 37 stack frames
</div> <!-- stack-trace -->
                </div> <!-- method-content -->
              </div> <!-- method -->
            </div> <!-- main-panel-content rounded-window-bottom -->
          </div> <!-- suite-Command_line_suite-class-failed -->
          <div class="suite-Command_line_suite-class-skipped">
            <div class="main-panel-header rounded-window-top">
              <img src="skipped.png"/>
              <span class="class-name">com.cybertek.tests.day22_explicitwait_review.CherCherWaitPracticeTest</span>
            </div> <!-- main-panel-header rounded-window-top -->
            <div class="main-panel-content rounded-window-bottom">
              <div class="method">
                <div class="method-content">
                  <a name="waitForAlertTest">
                  </a> <!-- waitForAlertTest -->
                  <span class="method-name">waitForAlertTest</span>
                  <div class="stack-trace">org.openqa.selenium.NoSuchSessionException: Session ID is null. Using WebDriver after calling quit()?
Build info: version: &apos;3.141.59&apos;, revision: &apos;e82be7d358&apos;, time: &apos;2018-11-14T08:17:03&apos;
System info: host: &apos;DESKTOP-BR5BN6I&apos;, ip: &apos;192.168.0.5&apos;, os.name: &apos;Windows 10&apos;, os.arch: &apos;amd64&apos;, os.version: &apos;10.0&apos;, java.version: &apos;1.8.0_302&apos;
Driver info: driver.version: RemoteWebDriver
	at org.openqa.selenium.remote.HttpCommandExecutor.execute(HttpCommandExecutor.java:125)
	at org.openqa.selenium.remote.service.DriverCommandExecutor.execute(DriverCommandExecutor.java:83)
	at org.openqa.selenium.remote.RemoteWebDriver.execute(RemoteWebDriver.java:552)
	at org.openqa.selenium.remote.RemoteWebDriver.get(RemoteWebDriver.java:277)
	at com.cybertek.tests.day22_explicitwait_review.CherCherWaitPracticeTest.gotoHomePage(CherCherWaitPracticeTest.java:16)
	at java.util.ArrayList.forEach(ArrayList.java:1259)
... Removed 41 stack frames
</div> <!-- stack-trace -->
                </div> <!-- method-content -->
              </div> <!-- method -->
              <div class="method">
                <div class="method-content">
                  <a name="waitForButtonEnabledTest">
                  </a> <!-- waitForButtonEnabledTest -->
                  <span class="method-name">waitForButtonEnabledTest</span>
                  <div class="stack-trace">org.openqa.selenium.NoSuchSessionException: Session ID is null. Using WebDriver after calling quit()?
Build info: version: &apos;3.141.59&apos;, revision: &apos;e82be7d358&apos;, time: &apos;2018-11-14T08:17:03&apos;
System info: host: &apos;DESKTOP-BR5BN6I&apos;, ip: &apos;192.168.0.5&apos;, os.name: &apos;Windows 10&apos;, os.arch: &apos;amd64&apos;, os.version: &apos;10.0&apos;, java.version: &apos;1.8.0_302&apos;
Driver info: driver.version: RemoteWebDriver
	at org.openqa.selenium.remote.HttpCommandExecutor.execute(HttpCommandExecutor.java:125)
	at org.openqa.selenium.remote.service.DriverCommandExecutor.execute(DriverCommandExecutor.java:83)
	at org.openqa.selenium.remote.RemoteWebDriver.execute(RemoteWebDriver.java:552)
	at org.openqa.selenium.remote.RemoteWebDriver.get(RemoteWebDriver.java:277)
	at com.cybertek.tests.day22_explicitwait_review.CherCherWaitPracticeTest.gotoHomePage(CherCherWaitPracticeTest.java:16)
	at java.util.ArrayList.forEach(ArrayList.java:1259)
... Removed 41 stack frames
</div> <!-- stack-trace -->
                </div> <!-- method-content -->
              </div> <!-- method -->
              <div class="method">
                <div class="method-content">
                  <a name="waitForCheckBoxIsCheckedTest">
                  </a> <!-- waitForCheckBoxIsCheckedTest -->
                  <span class="method-name">waitForCheckBoxIsCheckedTest</span>
                  <div class="stack-trace">org.openqa.selenium.NoSuchSessionException: Session ID is null. Using WebDriver after calling quit()?
Build info: version: &apos;3.141.59&apos;, revision: &apos;e82be7d358&apos;, time: &apos;2018-11-14T08:17:03&apos;
System info: host: &apos;DESKTOP-BR5BN6I&apos;, ip: &apos;192.168.0.5&apos;, os.name: &apos;Windows 10&apos;, os.arch: &apos;amd64&apos;, os.version: &apos;10.0&apos;, java.version: &apos;1.8.0_302&apos;
Driver info: driver.version: RemoteWebDriver
	at org.openqa.selenium.remote.HttpCommandExecutor.execute(HttpCommandExecutor.java:125)
	at org.openqa.selenium.remote.service.DriverCommandExecutor.execute(DriverCommandExecutor.java:83)
	at org.openqa.selenium.remote.RemoteWebDriver.execute(RemoteWebDriver.java:552)
	at org.openqa.selenium.remote.RemoteWebDriver.get(RemoteWebDriver.java:277)
	at com.cybertek.tests.day22_explicitwait_review.CherCherWaitPracticeTest.gotoHomePage(CherCherWaitPracticeTest.java:16)
	at java.util.ArrayList.forEach(ArrayList.java:1259)
... Removed 41 stack frames
</div> <!-- stack-trace -->
                </div> <!-- method-content -->
              </div> <!-- method -->
            </div> <!-- main-panel-content rounded-window-bottom -->
          </div> <!-- suite-Command_line_suite-class-skipped -->
          <div class="suite-Command_line_suite-class-passed">
            <div class="main-panel-header rounded-window-top">
              <img src="passed.png"/>
              <span class="class-name">com.cybertek.tests.day11_alerts_iframe_windows.MultipleWindows_Example_Test</span>
            </div> <!-- main-panel-header rounded-window-top -->
            <div class="main-panel-content rounded-window-bottom">
              <div class="method">
                <div class="method-content">
                  <a name="demoQAMultipleWindows">
                  </a> <!-- demoQAMultipleWindows -->
                  <span class="method-name">demoQAMultipleWindows</span>
                </div> <!-- method-content -->
              </div> <!-- method -->
              <div class="method">
                <div class="method-content">
                  <a name="windowsTest">
                  </a> <!-- windowsTest -->
                  <span class="method-name">windowsTest</span>
                </div> <!-- method-content -->
              </div> <!-- method -->
            </div> <!-- main-panel-content rounded-window-bottom -->
          </div> <!-- suite-Command_line_suite-class-passed -->
          <div class="suite-Command_line_suite-class-passed">
            <div class="main-panel-header rounded-window-top">
              <img src="passed.png"/>
              <span class="class-name">com.cybertek.tests.day15_properties_driverUtil_testbase.PropertiesFileTest</span>
            </div> <!-- main-panel-header rounded-window-top -->
            <div class="main-panel-content rounded-window-bottom">
              <div class="method">
                <div class="method-content">
                  <a name="configurationReaderUnitTest">
                  </a> <!-- configurationReaderUnitTest -->
                  <span class="method-name">configurationReaderUnitTest</span>
                </div> <!-- method-content -->
              </div> <!-- method -->
              <div class="method">
                <div class="method-content">
                  <a name="readValuesFromPropertiesFile">
                  </a> <!-- readValuesFromPropertiesFile -->
                  <span class="method-name">readValuesFromPropertiesFile</span>
                </div> <!-- method-content -->
              </div> <!-- method -->
            </div> <!-- main-panel-content rounded-window-bottom -->
          </div> <!-- suite-Command_line_suite-class-passed -->
          <div class="suite-Command_line_suite-class-passed">
            <div class="main-panel-header rounded-window-top">
              <img src="passed.png"/>
              <span class="class-name">com.cybertek.tests.day10_dropdown_alert_iframes_windows.HandlingAlertsTest</span>
            </div> <!-- main-panel-header rounded-window-top -->
            <div class="main-panel-content rounded-window-bottom">
              <div class="method">
                <div class="method-content">
                  <a name="confirmAlertTest">
                  </a> <!-- confirmAlertTest -->
                  <span class="method-name">confirmAlertTest</span>
                </div> <!-- method-content -->
              </div> <!-- method -->
              <div class="method">
                <div class="method-content">
                  <a name="jsAlertsTest">
                  </a> <!-- jsAlertsTest -->
                  <span class="method-name">jsAlertsTest</span>
                </div> <!-- method-content -->
              </div> <!-- method -->
            </div> <!-- main-panel-content rounded-window-bottom -->
          </div> <!-- suite-Command_line_suite-class-passed -->
          <div class="suite-Command_line_suite-class-passed">
            <div class="main-panel-header rounded-window-top">
              <img src="passed.png"/>
              <span class="class-name">com.cybertek.tests.day10_dropdown_alert_iframes_windows.CarGurusUsedCarSearchTest</span>
            </div> <!-- main-panel-header rounded-window-top -->
            <div class="main-panel-content rounded-window-bottom">
              <div class="method">
                <div class="method-content">
                  <a name="selectCar">
                  </a> <!-- selectCar -->
                  <span class="method-name">selectCar</span>
                </div> <!-- method-content -->
              </div> <!-- method -->
            </div> <!-- main-panel-content rounded-window-bottom -->
          </div> <!-- suite-Command_line_suite-class-passed -->
          <div class="suite-Command_line_suite-class-passed">
            <div class="main-panel-header rounded-window-top">
              <img src="passed.png"/>
              <span class="class-name">com.cybertek.tests.day09_testng_dropdown.TestNGIntro</span>
            </div> <!-- main-panel-header rounded-window-top -->
            <div class="main-panel-content rounded-window-bottom">
              <div class="method">
                <div class="method-content">
                  <a name="myTest2">
                  </a> <!-- myTest2 -->
                  <span class="method-name">myTest2</span>
                </div> <!-- method-content -->
              </div> <!-- method -->
              <div class="method">
                <div class="method-content">
                  <a name="test1">
                  </a> <!-- test1 -->
                  <span class="method-name">test1</span>
                </div> <!-- method-content -->
              </div> <!-- method -->
            </div> <!-- main-panel-content rounded-window-bottom -->
          </div> <!-- suite-Command_line_suite-class-passed -->
          <div class="suite-Command_line_suite-class-passed">
            <div class="main-panel-header rounded-window-top">
              <img src="passed.png"/>
              <span class="class-name">com.cybertek.tests.day10_dropdown_alert_iframes_windows.AmazonDepartmentNamesListTest</span>
            </div> <!-- main-panel-header rounded-window-top -->
            <div class="main-panel-content rounded-window-bottom">
              <div class="method">
                <div class="method-content">
                  <a name="amazonDepartmentTest">
                  </a> <!-- amazonDepartmentTest -->
                  <span class="method-name">amazonDepartmentTest</span>
                </div> <!-- method-content -->
              </div> <!-- method -->
            </div> <!-- main-panel-content rounded-window-bottom -->
          </div> <!-- suite-Command_line_suite-class-passed -->
          <div class="suite-Command_line_suite-class-passed">
            <div class="main-panel-header rounded-window-top">
              <img src="passed.png"/>
              <span class="class-name">com.cybertek.tests.day13_faker_Practice.RegistrationFormNegativeTest</span>
            </div> <!-- main-panel-header rounded-window-top -->
            <div class="main-panel-content rounded-window-bottom">
              <div class="method">
                <div class="method-content">
                  <a name="invalidFirstNameTest">
                  </a> <!-- invalidFirstNameTest -->
                  <span class="method-name">invalidFirstNameTest</span>
                </div> <!-- method-content -->
              </div> <!-- method -->
            </div> <!-- main-panel-content rounded-window-bottom -->
          </div> <!-- suite-Command_line_suite-class-passed -->
          <div class="suite-Command_line_suite-class-passed">
            <div class="main-panel-header rounded-window-top">
              <img src="passed.png"/>
              <span class="class-name">com.cybertek.tests.day13_faker_Practice.RegistrationFormTest</span>
            </div> <!-- main-panel-header rounded-window-top -->
            <div class="main-panel-content rounded-window-bottom">
              <div class="method">
                <div class="method-content">
                  <a name="formTest">
                  </a> <!-- formTest -->
                  <span class="method-name">formTest</span>
                </div> <!-- method-content -->
              </div> <!-- method -->
            </div> <!-- main-panel-content rounded-window-bottom -->
          </div> <!-- suite-Command_line_suite-class-passed -->
          <div class="suite-Command_line_suite-class-passed">
            <div class="main-panel-header rounded-window-top">
              <img src="passed.png"/>
              <span class="class-name">com.cybertek.tests.day14_webtables_properties.SmartBearTest</span>
            </div> <!-- main-panel-header rounded-window-top -->
            <div class="main-panel-content rounded-window-bottom">
              <div class="method">
                <div class="method-content">
                  <a name="verifyLinksAfterLogin">
                  </a> <!-- verifyLinksAfterLogin -->
                  <span class="method-name">verifyLinksAfterLogin</span>
                </div> <!-- method-content -->
              </div> <!-- method -->
            </div> <!-- main-panel-content rounded-window-bottom -->
          </div> <!-- suite-Command_line_suite-class-passed -->
          <div class="suite-Command_line_suite-class-passed">
            <div class="main-panel-header rounded-window-top">
              <img src="passed.png"/>
              <span class="class-name">com.cybertek.tests.day14_webtables_properties.WebTableDemoTest</span>
            </div> <!-- main-panel-header rounded-window-top -->
            <div class="main-panel-content rounded-window-bottom">
              <div class="method">
                <div class="method-content">
                  <a name="getAllColumnData">
                  </a> <!-- getAllColumnData -->
                  <span class="method-name">getAllColumnData</span>
                </div> <!-- method-content -->
              </div> <!-- method -->
              <div class="method">
                <div class="method-content">
                  <a name="printAllTableDataTest">
                  </a> <!-- printAllTableDataTest -->
                  <span class="method-name">printAllTableDataTest</span>
                </div> <!-- method-content -->
              </div> <!-- method -->
              <div class="method">
                <div class="method-content">
                  <a name="readFromTableTest">
                  </a> <!-- readFromTableTest -->
                  <span class="method-name">readFromTableTest</span>
                </div> <!-- method-content -->
              </div> <!-- method -->
              <div class="method">
                <div class="method-content">
                  <a name="readNextCell">
                  </a> <!-- readNextCell -->
                  <span class="method-name">readNextCell</span>
                </div> <!-- method-content -->
              </div> <!-- method -->
            </div> <!-- main-panel-content rounded-window-bottom -->
          </div> <!-- suite-Command_line_suite-class-passed -->
          <div class="suite-Command_line_suite-class-passed">
            <div class="main-panel-header rounded-window-top">
              <img src="passed.png"/>
              <span class="class-name">com.cybertek.tests.day09_testng_dropdown.DropDownTest</span>
            </div> <!-- main-panel-header rounded-window-top -->
            <div class="main-panel-content rounded-window-bottom">
              <div class="method">
                <div class="method-content">
                  <a name="SelectDateOfBirth">
                  </a> <!-- SelectDateOfBirth -->
                  <span class="method-name">SelectDateOfBirth</span>
                </div> <!-- method-content -->
              </div> <!-- method -->
              <div class="method">
                <div class="method-content">
                  <a name="selectDayDropDown">
                  </a> <!-- selectDayDropDown -->
                  <span class="method-name">selectDayDropDown</span>
                </div> <!-- method-content -->
              </div> <!-- method -->
              <div class="method">
                <div class="method-content">
                  <a name="selectMonthDropDown">
                  </a> <!-- selectMonthDropDown -->
                  <span class="method-name">selectMonthDropDown</span>
                </div> <!-- method-content -->
              </div> <!-- method -->
              <div class="method">
                <div class="method-content">
                  <a name="simpleDropDownTest">
                  </a> <!-- simpleDropDownTest -->
                  <span class="method-name">simpleDropDownTest</span>
                </div> <!-- method-content -->
              </div> <!-- method -->
              <div class="method">
                <div class="method-content">
                  <a name="titleTest">
                  </a> <!-- titleTest -->
                  <span class="method-name">titleTest</span>
                </div> <!-- method-content -->
              </div> <!-- method -->
            </div> <!-- main-panel-content rounded-window-bottom -->
          </div> <!-- suite-Command_line_suite-class-passed -->
          <div class="suite-Command_line_suite-class-passed">
            <div class="main-panel-header rounded-window-top">
              <img src="passed.png"/>
              <span class="class-name">com.cybertek.tests.day15_properties_driverUtil_testbase.TechlisticWebtaleTest</span>
            </div> <!-- main-panel-header rounded-window-top -->
            <div class="main-panel-content rounded-window-bottom">
              <div class="method">
                <div class="method-content">
                  <a name="tallBuildingsTableTest">
                  </a> <!-- tallBuildingsTableTest -->
                  <span class="method-name">tallBuildingsTableTest</span>
                </div> <!-- method-content -->
              </div> <!-- method -->
            </div> <!-- main-panel-content rounded-window-bottom -->
          </div> <!-- suite-Command_line_suite-class-passed -->
          <div class="suite-Command_line_suite-class-passed">
            <div class="main-panel-header rounded-window-top">
              <img src="passed.png"/>
              <span class="class-name">com.cybertek.tests.day15_properties_driverUtil_testbase.SystemPropertiesTest</span>
            </div> <!-- main-panel-header rounded-window-top -->
            <div class="main-panel-content rounded-window-bottom">
              <div class="method">
                <div class="method-content">
                  <a name="readingSystemProperties">
                  </a> <!-- readingSystemProperties -->
                  <span class="method-name">readingSystemProperties</span>
                </div> <!-- method-content -->
              </div> <!-- method -->
            </div> <!-- main-panel-content rounded-window-bottom -->
          </div> <!-- suite-Command_line_suite-class-passed -->
          <div class="suite-Command_line_suite-class-passed">
            <div class="main-panel-header rounded-window-top">
              <img src="passed.png"/>
              <span class="class-name">com.cybertek.tests.day08_implicitwait_checkbox_radio_testing.TestNGIntro</span>
            </div> <!-- main-panel-header rounded-window-top -->
            <div class="main-panel-content rounded-window-bottom">
              <div class="method">
                <div class="method-content">
                  <a name="test1">
                  </a> <!-- test1 -->
                  <span class="method-name">test1</span>
                </div> <!-- method-content -->
              </div> <!-- method -->
            </div> <!-- main-panel-content rounded-window-bottom -->
          </div> <!-- suite-Command_line_suite-class-passed -->
          <div class="suite-Command_line_suite-class-passed">
            <div class="main-panel-header rounded-window-top">
              <img src="passed.png"/>
              <span class="class-name">com.cybertek.tests.day15_properties_driverUtil_testbase.DriverUtilTest</span>
            </div> <!-- main-panel-header rounded-window-top -->
            <div class="main-panel-content rounded-window-bottom">
              <div class="method">
                <div class="method-content">
                  <a name="driverClassTest">
                  </a> <!-- driverClassTest -->
                  <span class="method-name">driverClassTest</span>
                </div> <!-- method-content -->
              </div> <!-- method -->
            </div> <!-- main-panel-content rounded-window-bottom -->
          </div> <!-- suite-Command_line_suite-class-passed -->
          <div class="suite-Command_line_suite-class-passed">
            <div class="main-panel-header rounded-window-top">
              <img src="passed.png"/>
              <span class="class-name">com.cybertek.tests.day12_Window_Practice.DemoQAMultipleWindowsTest</span>
            </div> <!-- main-panel-header rounded-window-top -->
            <div class="main-panel-content rounded-window-bottom">
              <div class="method">
                <div class="method-content">
                  <a name="newWindowTest">
                  </a> <!-- newWindowTest -->
                  <span class="method-name">newWindowTest</span>
                </div> <!-- method-content -->
              </div> <!-- method -->
            </div> <!-- main-panel-content rounded-window-bottom -->
          </div> <!-- suite-Command_line_suite-class-passed -->
        </div> <!-- panel Command_line_suite -->
        <div panel-name="test-xml-Command_line_suite" class="panel">
          <div class="main-panel-header rounded-window-top">
          </div> <!-- main-panel-header rounded-window-top -->
          <div class="main-panel-content rounded-window-bottom">
            <pre>
&lt;?xml version=&quot;1.0&quot; encoding=&quot;UTF-8&quot;?&gt;
&lt;!DOCTYPE suite SYSTEM &quot;https://testng.org/testng-1.0.dtd&quot;&gt;
&lt;suite verbose=&quot;0&quot; name=&quot;Command line suite&quot;&gt;
  &lt;test thread-count=&quot;5&quot; verbose=&quot;0&quot; name=&quot;Command line test&quot;&gt;
    &lt;classes&gt;
      &lt;class name=&quot;com.cybertek.pages.PomTest&quot;/&gt;
      &lt;class name=&quot;com.cybertek.tests.day01_selenium_intro.SeleniumTest&quot;/&gt;
      &lt;class name=&quot;com.cybertek.tests.day03_locators_intro.TC5_SmartBearLoginTest&quot;/&gt;
      &lt;class name=&quot;com.cybertek.tests.day04_locators_getattribute.PercentageCalculatorTest&quot;/&gt;
      &lt;class name=&quot;com.cybertek.tests.day07_findElements.CalculatorAddTest&quot;/&gt;
      &lt;class name=&quot;com.cybertek.tests.day08_implicitwait_checkbox_radio_testing.EtsyRadioCheckBoxTest&quot;/&gt;
      &lt;class name=&quot;com.cybertek.tests.day08_implicitwait_checkbox_radio_testing.RadioButtonsTest&quot;/&gt;
      &lt;class name=&quot;com.cybertek.tests.day08_implicitwait_checkbox_radio_testing.TestNGIntro&quot;/&gt;
      &lt;class name=&quot;com.cybertek.tests.day09_testng_dropdown.DropDownTest&quot;/&gt;
      &lt;class name=&quot;com.cybertek.tests.day09_testng_dropdown.TestNGIntro&quot;/&gt;
      &lt;class name=&quot;com.cybertek.tests.day10_dropdown_alert_iframes_windows.AmazonDepartmentNamesListTest&quot;/&gt;
      &lt;class name=&quot;com.cybertek.tests.day10_dropdown_alert_iframes_windows.CarGurusUsedCarSearchTest&quot;/&gt;
      &lt;class name=&quot;com.cybertek.tests.day10_dropdown_alert_iframes_windows.HandlingAlertsTest&quot;/&gt;
      &lt;class name=&quot;com.cybertek.tests.day11_alerts_iframe_windows.MultipleWindows_Example_Test&quot;/&gt;
      &lt;class name=&quot;com.cybertek.tests.day12_Window_Practice.DemoQAMultipleWindowsTest&quot;/&gt;
      &lt;class name=&quot;com.cybertek.tests.day13_faker_Practice.RegistrationFormNegativeTest&quot;/&gt;
      &lt;class name=&quot;com.cybertek.tests.day13_faker_Practice.RegistrationFormTest&quot;/&gt;
      &lt;class name=&quot;com.cybertek.tests.day14_webtables_properties.SmartBearTest&quot;/&gt;
      &lt;class name=&quot;com.cybertek.tests.day14_webtables_properties.WebTableDemoTest&quot;/&gt;
      &lt;class name=&quot;com.cybertek.tests.day15_properties_driverUtil_testbase.DriverUtilTest&quot;/&gt;
      &lt;class name=&quot;com.cybertek.tests.day15_properties_driverUtil_testbase.PropertiesFileTest&quot;/&gt;
      &lt;class name=&quot;com.cybertek.tests.day15_properties_driverUtil_testbase.SystemPropertiesTest&quot;/&gt;
      &lt;class name=&quot;com.cybertek.tests.day15_properties_driverUtil_testbase.TechlisticWebtaleTest&quot;/&gt;
      &lt;class name=&quot;com.cybertek.tests.day16_download_uploaded_js_executor.File_DownloadTest&quot;/&gt;
      &lt;class name=&quot;com.cybertek.tests.day17_upload_js_executor.Guru99UploadTest&quot;/&gt;
      &lt;class name=&quot;com.cybertek.tests.day17_upload_js_executor.JavaScriptExecutorTest&quot;/&gt;
      &lt;class name=&quot;com.cybertek.tests.day18_actions_pom_intro.ActionClassDemoTest&quot;/&gt;
      &lt;class name=&quot;com.cybertek.tests.day18_actions_pom_intro.ActionsDragAndDropTest&quot;/&gt;
      &lt;class name=&quot;com.cybertek.tests.day18_actions_pom_intro.ActionsSendKeysTest&quot;/&gt;
      &lt;class name=&quot;com.cybertek.tests.day18_actions_pom_intro.classActionsDoubleClickTest&quot;/&gt;
      &lt;class name=&quot;com.cybertek.tests.day18_actions_pom_intro.EtsySubscribeTest&quot;/&gt;
      &lt;class name=&quot;com.cybertek.tests.day19_page_object_model.DragAndDropTest&quot;/&gt;
      &lt;class name=&quot;com.cybertek.tests.day19_page_object_model.LibraryLoginPOMTest&quot;/&gt;
      &lt;class name=&quot;com.cybertek.tests.day19_page_object_model.logingPOMTest&quot;/&gt;
      &lt;class name=&quot;com.cybertek.tests.day22_explicitwait_review.CherCherWaitPracticeTest&quot;/&gt;
      &lt;class name=&quot;com.cybertek.tests.day22_explicitwait_review.WaitUntilElemVisibleTest&quot;/&gt;
      &lt;class name=&quot;com.cybertek.tests.OfficeHour.day01_PolymerTest&quot;/&gt;
      &lt;class name=&quot;com.cybertek.tests.OfficeHour.day04_PlaceOrderTest&quot;/&gt;
      &lt;class name=&quot;com.cybertek.tests.Task2.ForgotPassword_CSS_Test&quot;/&gt;
      &lt;class name=&quot;com.cybertek.tests.Task2.TC5_Php_Travels_Registration_Test&quot;/&gt;
      &lt;class name=&quot;com.cybertek.tests.TestBase&quot;/&gt;
      &lt;class name=&quot;com.cybertek.WeeklyAssignments.GoogleMap_XpathTest&quot;/&gt;
      &lt;class name=&quot;com.cybertek.WeeklyAssignments.HoverTest&quot;/&gt;
      &lt;class name=&quot;com.cybertek.WeeklyAssignments.WebDriverFactoryTest&quot;/&gt;
    &lt;/classes&gt;
  &lt;/test&gt; &lt;!-- Command line test --&gt;
&lt;/suite&gt; &lt;!-- Command line suite --&gt;
            </pre>
          </div> <!-- main-panel-content rounded-window-bottom -->
        </div> <!-- panel -->
        <div panel-name="testlist-Command_line_suite" class="panel">
          <div class="main-panel-header rounded-window-top">
            <span class="header-content">Tests for Command line suite</span>
          </div> <!-- main-panel-header rounded-window-top -->
          <div class="main-panel-content rounded-window-bottom">
            <ul>
              <li>
                <span class="test-name">Command line test (44 classes)</span>
              </li>
            </ul>
          </div> <!-- main-panel-content rounded-window-bottom -->
        </div> <!-- panel -->
        <div panel-name="group-Command_line_suite" class="panel">
          <div class="main-panel-header rounded-window-top">
            <span class="header-content">Groups for Command line suite</span>
          </div> <!-- main-panel-header rounded-window-top -->
          <div class="main-panel-content rounded-window-bottom">
          </div> <!-- main-panel-content rounded-window-bottom -->
        </div> <!-- panel -->
        <div panel-name="times-Command_line_suite" class="panel">
          <div class="main-panel-header rounded-window-top">
            <span class="header-content">Times for Command line suite</span>
          </div> <!-- main-panel-header rounded-window-top -->
          <div class="main-panel-content rounded-window-bottom">
            <div class="times-div">
              <script type="text/javascript">
suiteTableInitFunctions.push('tableData_Command_line_suite');
function tableData_Command_line_suite() {
var data = new google.visualization.DataTable();
data.addColumn('number', 'Number');
data.addColumn('string', 'Method');
data.addColumn('string', 'Class');
data.addColumn('number', 'Time (ms)');
data.addRows(58);
data.setCell(0, 0, 0)
data.setCell(0, 1, 'amazonDepartmentTest')
data.setCell(0, 2, 'com.cybertek.tests.day10_dropdown_alert_iframes_windows.AmazonDepartmentNamesListTest')
data.setCell(0, 3, 29757);
data.setCell(1, 0, 1)
data.setCell(1, 1, 'driverClassTest')
data.setCell(1, 2, 'com.cybertek.tests.day15_properties_driverUtil_testbase.DriverUtilTest')
data.setCell(1, 3, 15458);
data.setCell(2, 0, 2)
data.setCell(2, 1, 'tallBuildingsTableTest')
data.setCell(2, 2, 'com.cybertek.tests.day15_properties_driverUtil_testbase.TechlisticWebtaleTest')
data.setCell(2, 3, 7226);
data.setCell(3, 0, 3)
data.setCell(3, 1, 'selectCar')
data.setCell(3, 2, 'com.cybertek.tests.day10_dropdown_alert_iframes_windows.CarGurusUsedCarSearchTest')
data.setCell(3, 3, 4673);
data.setCell(4, 0, 4)
data.setCell(4, 1, 'demoQAMultipleWindows')
data.setCell(4, 2, 'com.cybertek.tests.day11_alerts_iframe_windows.MultipleWindows_Example_Test')
data.setCell(4, 3, 4498);
data.setCell(5, 0, 5)
data.setCell(5, 1, 'formTest')
data.setCell(5, 2, 'com.cybertek.tests.day13_faker_Practice.RegistrationFormTest')
data.setCell(5, 3, 3663);
data.setCell(6, 0, 6)
data.setCell(6, 1, 'invalidFirstNameTest')
data.setCell(6, 2, 'com.cybertek.tests.day13_faker_Practice.RegistrationFormNegativeTest')
data.setCell(6, 3, 3017);
data.setCell(7, 0, 7)
data.setCell(7, 1, 'readFromTableTest')
data.setCell(7, 2, 'com.cybertek.tests.day14_webtables_properties.WebTableDemoTest')
data.setCell(7, 3, 1029);
data.setCell(8, 0, 8)
data.setCell(8, 1, 'verifyLinksAfterLogin')
data.setCell(8, 2, 'com.cybertek.tests.day14_webtables_properties.SmartBearTest')
data.setCell(8, 3, 724);
data.setCell(9, 0, 9)
data.setCell(9, 1, 'printAllTableDataTest')
data.setCell(9, 2, 'com.cybertek.tests.day14_webtables_properties.WebTableDemoTest')
data.setCell(9, 3, 660);
data.setCell(10, 0, 10)
data.setCell(10, 1, 'newWindowTest')
data.setCell(10, 2, 'com.cybertek.tests.day12_Window_Practice.DemoQAMultipleWindowsTest')
data.setCell(10, 3, 280);
data.setCell(11, 0, 11)
data.setCell(11, 1, 'confirmAlertTest')
data.setCell(11, 2, 'com.cybertek.tests.day10_dropdown_alert_iframes_windows.HandlingAlertsTest')
data.setCell(11, 3, 203);
data.setCell(12, 0, 12)
data.setCell(12, 1, 'windowsTest')
data.setCell(12, 2, 'com.cybertek.tests.day11_alerts_iframe_windows.MultipleWindows_Example_Test')
data.setCell(12, 3, 187);
data.setCell(13, 0, 13)
data.setCell(13, 1, 'SelectDateOfBirth')
data.setCell(13, 2, 'com.cybertek.tests.day09_testng_dropdown.DropDownTest')
data.setCell(13, 3, 101);
data.setCell(14, 0, 14)
data.setCell(14, 1, 'getAllColumnData')
data.setCell(14, 2, 'com.cybertek.tests.day14_webtables_properties.WebTableDemoTest')
data.setCell(14, 3, 101);
data.setCell(15, 0, 15)
data.setCell(15, 1, 'selectMonthDropDown')
data.setCell(15, 2, 'com.cybertek.tests.day09_testng_dropdown.DropDownTest')
data.setCell(15, 3, 99);
data.setCell(16, 0, 16)
data.setCell(16, 1, 'simpleDropDownTest')
data.setCell(16, 2, 'com.cybertek.tests.day09_testng_dropdown.DropDownTest')
data.setCell(16, 3, 96);
data.setCell(17, 0, 17)
data.setCell(17, 1, 'selectDayDropDown')
data.setCell(17, 2, 'com.cybertek.tests.day09_testng_dropdown.DropDownTest')
data.setCell(17, 3, 89);
data.setCell(18, 0, 18)
data.setCell(18, 1, 'jsAlertsTest')
data.setCell(18, 2, 'com.cybertek.tests.day10_dropdown_alert_iframes_windows.HandlingAlertsTest')
data.setCell(18, 3, 71);
data.setCell(19, 0, 19)
data.setCell(19, 1, 'readNextCell')
data.setCell(19, 2, 'com.cybertek.tests.day14_webtables_properties.WebTableDemoTest')
data.setCell(19, 3, 45);
data.setCell(20, 0, 20)
data.setCell(20, 1, 'fileDownloadTest')
data.setCell(20, 2, 'com.cybertek.tests.day16_download_uploaded_js_executor.File_DownloadTest')
data.setCell(20, 3, 16);
data.setCell(21, 0, 21)
data.setCell(21, 1, 'titleTest')
data.setCell(21, 2, 'com.cybertek.tests.day09_testng_dropdown.DropDownTest')
data.setCell(21, 3, 8);
data.setCell(22, 0, 22)
data.setCell(22, 1, 'verifyTitle')
data.setCell(22, 2, 'com.cybertek.tests.day10_dropdown_alert_iframes_windows.CarGurusUsedCarSearchTest')
data.setCell(22, 3, 3);
data.setCell(23, 0, 23)
data.setCell(23, 1, 'readValuesFromPropertiesFile')
data.setCell(23, 2, 'com.cybertek.tests.day15_properties_driverUtil_testbase.PropertiesFileTest')
data.setCell(23, 3, 0);
data.setCell(24, 0, 24)
data.setCell(24, 1, 'myTest2')
data.setCell(24, 2, 'com.cybertek.tests.day09_testng_dropdown.TestNGIntro')
data.setCell(24, 3, 0);
data.setCell(25, 0, 25)
data.setCell(25, 1, 'test1')
data.setCell(25, 2, 'com.cybertek.tests.day09_testng_dropdown.TestNGIntro')
data.setCell(25, 3, 0);
data.setCell(26, 0, 26)
data.setCell(26, 1, 'readingSystemProperties')
data.setCell(26, 2, 'com.cybertek.tests.day15_properties_driverUtil_testbase.SystemPropertiesTest')
data.setCell(26, 3, 0);
data.setCell(27, 0, 27)
data.setCell(27, 1, 'test1')
data.setCell(27, 2, 'com.cybertek.tests.day08_implicitwait_checkbox_radio_testing.TestNGIntro')
data.setCell(27, 3, 0);
data.setCell(28, 0, 28)
data.setCell(28, 1, 'configurationReaderUnitTest')
data.setCell(28, 2, 'com.cybertek.tests.day15_properties_driverUtil_testbase.PropertiesFileTest')
data.setCell(28, 3, 0);
data.setCell(29, 0, 29)
data.setCell(29, 1, 'dragDropTest')
data.setCell(29, 2, 'com.cybertek.WeeklyAssignments.HoverTest')
data.setCell(29, 3, 0);
data.setCell(30, 0, 30)
data.setCell(30, 1, 'doubleClickForColorChange')
data.setCell(30, 2, 'com.cybertek.tests.day18_actions_pom_intro.classActionsDoubleClickTest')
data.setCell(30, 3, 0);
data.setCell(31, 0, 31)
data.setCell(31, 1, 'cheapInternetSpeedTest')
data.setCell(31, 2, 'com.cybertek.tests.day22_explicitwait_review.WaitUntilElemVisibleTest')
data.setCell(31, 3, 0);
data.setCell(32, 0, 32)
data.setCell(32, 1, 'alertExampleTest')
data.setCell(32, 2, 'com.cybertek.tests.day17_upload_js_executor.JavaScriptExecutorTest')
data.setCell(32, 3, 0);
data.setCell(33, 0, 33)
data.setCell(33, 1, 'loopActions')
data.setCell(33, 2, 'com.cybertek.tests.day18_actions_pom_intro.ActionClassDemoTest')
data.setCell(33, 3, 0);
data.setCell(34, 0, 34)
data.setCell(34, 1, 'guru99DragAndDropTest')
data.setCell(34, 2, 'com.cybertek.tests.day19_page_object_model.DragAndDropTest')
data.setCell(34, 3, 0);
data.setCell(35, 0, 35)
data.setCell(35, 1, 'test2')
data.setCell(35, 2, 'com.cybertek.tests.day08_implicitwait_checkbox_radio_testing.TestNGIntro')
data.setCell(35, 3, 0);
data.setCell(36, 0, 36)
data.setCell(36, 1, 'placeOrder')
data.setCell(36, 2, 'com.cybertek.tests.OfficeHour.day04_PlaceOrderTest')
data.setCell(36, 3, 0);
data.setCell(37, 0, 37)
data.setCell(37, 1, 'hoverTest')
data.setCell(37, 2, 'com.cybertek.WeeklyAssignments.HoverTest')
data.setCell(37, 3, 0);
data.setCell(38, 0, 38)
data.setCell(38, 1, 'invalidCredentialsTest')
data.setCell(38, 2, 'com.cybertek.tests.day19_page_object_model.LibraryLoginPOMTest')
data.setCell(38, 3, 0);
data.setCell(39, 0, 39)
data.setCell(39, 1, 'positiveLoginTest')
data.setCell(39, 2, 'com.cybertek.tests.day19_page_object_model.LibraryLoginPOMTest')
data.setCell(39, 3, 0);
data.setCell(40, 0, 40)
data.setCell(40, 1, 'loginFacebook')
data.setCell(40, 2, 'com.cybertek.tests.day17_upload_js_executor.JavaScriptExecutorTest')
data.setCell(40, 3, 0);
data.setCell(41, 0, 41)
data.setCell(41, 1, 'scrollTest')
data.setCell(41, 2, 'com.cybertek.tests.day17_upload_js_executor.JavaScriptExecutorTest')
data.setCell(41, 3, 0);
data.setCell(42, 0, 42)
data.setCell(42, 1, 'contextClickTest')
data.setCell(42, 2, 'com.cybertek.WeeklyAssignments.HoverTest')
data.setCell(42, 3, 0);
data.setCell(43, 0, 43)
data.setCell(43, 1, 'hoverElementTest')
data.setCell(43, 2, 'com.cybertek.tests.day18_actions_pom_intro.ActionClassDemoTest')
data.setCell(43, 3, 0);
data.setCell(44, 0, 44)
data.setCell(44, 1, 'randomEmailSubscribeTest')
data.setCell(44, 2, 'com.cybertek.tests.day18_actions_pom_intro.EtsySubscribeTest')
data.setCell(44, 3, 0);
data.setCell(45, 0, 45)
data.setCell(45, 1, 'uploadFileTest')
data.setCell(45, 2, 'com.cybertek.tests.day17_upload_js_executor.Guru99UploadTest')
data.setCell(45, 3, 0);
data.setCell(46, 0, 46)
data.setCell(46, 1, 'rightClickTest')
data.setCell(46, 2, 'com.cybertek.tests.day18_actions_pom_intro.ActionsSendKeysTest')
data.setCell(46, 3, 0);
data.setCell(47, 0, 47)
data.setCell(47, 1, 'invalidTest')
data.setCell(47, 2, 'com.cybertek.tests.day19_page_object_model.logingPOMTest')
data.setCell(47, 3, 0);
data.setCell(48, 0, 48)
data.setCell(48, 1, 'waitForWebDriverElem')
data.setCell(48, 2, 'com.cybertek.tests.day22_explicitwait_review.WaitUntilElemVisibleTest')
data.setCell(48, 3, 0);
data.setCell(49, 0, 49)
data.setCell(49, 1, 'scrollWithKeysTest')
data.setCell(49, 2, 'com.cybertek.tests.day18_actions_pom_intro.ActionsSendKeysTest')
data.setCell(49, 3, 0);
data.setCell(50, 0, 50)
data.setCell(50, 1, 'dragAndDropTest')
data.setCell(50, 2, 'com.cybertek.tests.day18_actions_pom_intro.ActionsDragAndDropTest')
data.setCell(50, 3, 0);
data.setCell(51, 0, 51)
data.setCell(51, 1, 'scrollElementVisible')
data.setCell(51, 2, 'com.cybertek.tests.day17_upload_js_executor.JavaScriptExecutorTest')
data.setCell(51, 3, 0);
data.setCell(52, 0, 52)
data.setCell(52, 1, 'googleActionsTest')
data.setCell(52, 2, 'com.cybertek.tests.day18_actions_pom_intro.ActionClassDemoTest')
data.setCell(52, 3, 0);
data.setCell(53, 0, 53)
data.setCell(53, 1, 'validTest')
data.setCell(53, 2, 'com.cybertek.tests.day19_page_object_model.logingPOMTest')
data.setCell(53, 3, 0);
data.setCell(54, 0, 54)
data.setCell(54, 1, 'cargurusPriceSliderTest')
data.setCell(54, 2, 'com.cybertek.tests.day19_page_object_model.DragAndDropTest')
data.setCell(54, 3, 0);
data.setCell(55, 0, 55)
data.setCell(55, 1, 'waitForButtonEnabledTest')
data.setCell(55, 2, 'com.cybertek.tests.day22_explicitwait_review.CherCherWaitPracticeTest')
data.setCell(55, 3, 0);
data.setCell(56, 0, 56)
data.setCell(56, 1, 'waitForCheckBoxIsCheckedTest')
data.setCell(56, 2, 'com.cybertek.tests.day22_explicitwait_review.CherCherWaitPracticeTest')
data.setCell(56, 3, 0);
data.setCell(57, 0, 57)
data.setCell(57, 1, 'waitForAlertTest')
data.setCell(57, 2, 'com.cybertek.tests.day22_explicitwait_review.CherCherWaitPracticeTest')
data.setCell(57, 3, 0);
window.suiteTableData['Command_line_suite']= { tableData: data, tableDiv: 'times-div-Command_line_suite'}
return data;
}
              </script>
              <span class="suite-total-time">Total running time: 1 minutes</span>
              <div id="times-div-Command_line_suite">
              </div> <!-- times-div-Command_line_suite -->
            </div> <!-- times-div -->
          </div> <!-- main-panel-content rounded-window-bottom -->
        </div> <!-- panel -->
        <div panel-name="reporter-Command_line_suite" class="panel">
          <div class="main-panel-header rounded-window-top">
            <span class="header-content">Reporter output for Command line suite</span>
          </div> <!-- main-panel-header rounded-window-top -->
          <div class="main-panel-content rounded-window-bottom">
          </div> <!-- main-panel-content rounded-window-bottom -->
        </div> <!-- panel -->
        <div panel-name="ignored-methods-Command_line_suite" class="panel">
          <div class="main-panel-header rounded-window-top">
            <span class="header-content">0 ignored methods</span>
          </div> <!-- main-panel-header rounded-window-top -->
          <div class="main-panel-content rounded-window-bottom">
          </div> <!-- main-panel-content rounded-window-bottom -->
        </div> <!-- panel -->
        <div panel-name="chronological-Command_line_suite" class="panel">
          <div class="main-panel-header rounded-window-top">
            <span class="header-content">Methods in chronological order</span>
          </div> <!-- main-panel-header rounded-window-top -->
          <div class="main-panel-content rounded-window-bottom">
            <div class="chronological-class">
              <div class="chronological-class-name">com.cybertek.tests.day08_implicitwait_checkbox_radio_testing.TestNGIntro</div> <!-- chronological-class-name -->
              <div class="test-method">
                <span class="method-name">test1</span>
                <span class="method-start">0 ms</span>
              </div> <!-- test-method -->
            </div> <!-- chronological-class -->
            <div class="chronological-class">
              <div class="chronological-class-name">com.cybertek.tests.day09_testng_dropdown.DropDownTest</div> <!-- chronological-class-name -->
              <div class="configuration-method before">
                <span class="method-name">setUp</span>
                <span class="method-start">0 ms</span>
              </div> <!-- configuration-method before -->
            </div> <!-- chronological-class -->
            <div class="chronological-class">
              <div class="chronological-class-name">com.cybertek.tests.day08_implicitwait_checkbox_radio_testing.TestNGIntro</div> <!-- chronological-class-name -->
              <div class="test-method">
                <img src="failed.png">
                </img>
                <span class="method-name">test2</span>
                <span class="method-start">0 ms</span>
              </div> <!-- test-method -->
            </div> <!-- chronological-class -->
            <div class="chronological-class">
              <div class="chronological-class-name">com.cybertek.tests.day09_testng_dropdown.DropDownTest</div> <!-- chronological-class-name -->
              <div class="test-method">
                <span class="method-name">SelectDateOfBirth</span>
                <span class="method-start">2583 ms</span>
              </div> <!-- test-method -->
              <div class="configuration-method after">
                <span class="method-name">tearDown</span>
                <span class="method-start">2684 ms</span>
              </div> <!-- configuration-method after -->
              <div class="configuration-method before">
                <span class="method-name">setUp</span>
                <span class="method-start">3420 ms</span>
              </div> <!-- configuration-method before -->
              <div class="test-method">
                <span class="method-name">selectDayDropDown</span>
                <span class="method-start">5334 ms</span>
              </div> <!-- test-method -->
              <div class="configuration-method after">
                <span class="method-name">tearDown</span>
                <span class="method-start">5423 ms</span>
              </div> <!-- configuration-method after -->
              <div class="configuration-method before">
                <span class="method-name">setUp</span>
                <span class="method-start">6160 ms</span>
              </div> <!-- configuration-method before -->
              <div class="test-method">
                <span class="method-name">selectMonthDropDown</span>
                <span class="method-start">8922 ms</span>
              </div> <!-- test-method -->
              <div class="configuration-method after">
                <span class="method-name">tearDown</span>
                <span class="method-start">9021 ms</span>
              </div> <!-- configuration-method after -->
              <div class="configuration-method before">
                <span class="method-name">setUp</span>
                <span class="method-start">9746 ms</span>
              </div> <!-- configuration-method before -->
              <div class="test-method">
                <span class="method-name">simpleDropDownTest</span>
                <span class="method-start">11796 ms</span>
              </div> <!-- test-method -->
              <div class="configuration-method after">
                <span class="method-name">tearDown</span>
                <span class="method-start">11892 ms</span>
              </div> <!-- configuration-method after -->
              <div class="configuration-method before">
                <span class="method-name">setUp</span>
                <span class="method-start">12637 ms</span>
              </div> <!-- configuration-method before -->
              <div class="test-method">
                <span class="method-name">titleTest</span>
                <span class="method-start">14478 ms</span>
              </div> <!-- test-method -->
              <div class="configuration-method after">
                <span class="method-name">tearDown</span>
                <span class="method-start">14486 ms</span>
              </div> <!-- configuration-method after -->
            </div> <!-- chronological-class -->
            <div class="chronological-class">
              <div class="chronological-class-name">com.cybertek.tests.day09_testng_dropdown.TestNGIntro</div> <!-- chronological-class-name -->
              <div class="configuration-class before">
                <span class="method-name">setUp</span>
                <span class="method-start">15199 ms</span>
              </div> <!-- configuration-class before -->
              <div class="configuration-method before">
                <span class="method-name">setUpApp</span>
                <span class="method-start">15199 ms</span>
              </div> <!-- configuration-method before -->
              <div class="test-method">
                <span class="method-name">myTest2</span>
                <span class="method-start">15199 ms</span>
              </div> <!-- test-method -->
              <div class="test-method">
                <span class="method-name">test1</span>
                <span class="method-start">15199 ms</span>
              </div> <!-- test-method -->
            </div> <!-- chronological-class -->
            <div class="chronological-class">
              <div class="chronological-class-name">com.cybertek.tests.day10_dropdown_alert_iframes_windows.AmazonDepartmentNamesListTest</div> <!-- chronological-class-name -->
              <div class="configuration-method before">
                <span class="method-name">setUp</span>
                <span class="method-start">15199 ms</span>
              </div> <!-- configuration-method before -->
            </div> <!-- chronological-class -->
            <div class="chronological-class">
              <div class="chronological-class-name">com.cybertek.tests.day09_testng_dropdown.TestNGIntro</div> <!-- chronological-class-name -->
              <div class="configuration-method before">
                <span class="method-name">setUpApp</span>
                <span class="method-start">15199 ms</span>
              </div> <!-- configuration-method before -->
              <div class="configuration-method after">
                <span class="method-name">tearDown</span>
                <span class="method-start">15199 ms</span>
              </div> <!-- configuration-method after -->
              <div class="configuration-method after">
                <span class="method-name">tearDown</span>
                <span class="method-start">15199 ms</span>
              </div> <!-- configuration-method after -->
              <div class="configuration-class after">
                <span class="method-name">cleanUp</span>
                <span class="method-start">15199 ms</span>
              </div> <!-- configuration-class after -->
            </div> <!-- chronological-class -->
            <div class="chronological-class">
              <div class="chronological-class-name">com.cybertek.tests.day10_dropdown_alert_iframes_windows.AmazonDepartmentNamesListTest</div> <!-- chronological-class-name -->
              <div class="test-method">
                <span class="method-name">amazonDepartmentTest</span>
                <span class="method-start">19360 ms</span>
              </div> <!-- test-method -->
              <div class="configuration-method after">
                <span class="method-name">tearDown</span>
                <span class="method-start">49117 ms</span>
              </div> <!-- configuration-method after -->
            </div> <!-- chronological-class -->
            <div class="chronological-class">
              <div class="chronological-class-name">com.cybertek.tests.day10_dropdown_alert_iframes_windows.CarGurusUsedCarSearchTest</div> <!-- chronological-class-name -->
              <div class="configuration-class before">
                <span class="method-name">setUp</span>
                <span class="method-start">49900 ms</span>
              </div> <!-- configuration-class before -->
              <div class="test-method">
                <span class="method-name">selectCar</span>
                <span class="method-start">54768 ms</span>
              </div> <!-- test-method -->
              <div class="test-method">
                <img src="failed.png">
                </img>
                <span class="method-name">verifyTitle</span>
                <span class="method-start">59441 ms</span>
              </div> <!-- test-method -->
              <div class="configuration-class after">
                <span class="method-name">tearDown</span>
                <span class="method-start">59444 ms</span>
              </div> <!-- configuration-class after -->
            </div> <!-- chronological-class -->
            <div class="chronological-class">
              <div class="chronological-class-name">com.cybertek.tests.day10_dropdown_alert_iframes_windows.HandlingAlertsTest</div> <!-- chronological-class-name -->
              <div class="configuration-method before">
                <span class="method-name">setUp</span>
                <span class="method-start">60252 ms</span>
              </div> <!-- configuration-method before -->
              <div class="test-method">
                <span class="method-name">confirmAlertTest</span>
                <span class="method-start">62276 ms</span>
              </div> <!-- test-method -->
              <div class="configuration-method after">
                <span class="method-name">tearDown</span>
                <span class="method-start">62479 ms</span>
              </div> <!-- configuration-method after -->
              <div class="configuration-method before">
                <span class="method-name">setUp</span>
                <span class="method-start">63204 ms</span>
              </div> <!-- configuration-method before -->
              <div class="test-method">
                <span class="method-name">jsAlertsTest</span>
                <span class="method-start">65202 ms</span>
              </div> <!-- test-method -->
              <div class="configuration-method after">
                <span class="method-name">tearDown</span>
                <span class="method-start">65273 ms</span>
              </div> <!-- configuration-method after -->
            </div> <!-- chronological-class -->
            <div class="chronological-class">
              <div class="chronological-class-name">com.cybertek.tests.day11_alerts_iframe_windows.MultipleWindows_Example_Test</div> <!-- chronological-class-name -->
              <div class="configuration-method before">
                <span class="method-name">setUp</span>
                <span class="method-start">65981 ms</span>
              </div> <!-- configuration-method before -->
              <div class="test-method">
                <span class="method-name">demoQAMultipleWindows</span>
                <span class="method-start">68185 ms</span>
              </div> <!-- test-method -->
              <div class="configuration-method before">
                <span class="method-name">setUp</span>
                <span class="method-start">72683 ms</span>
              </div> <!-- configuration-method before -->
              <div class="test-method">
                <span class="method-name">windowsTest</span>
                <span class="method-start">74528 ms</span>
              </div> <!-- test-method -->
            </div> <!-- chronological-class -->
            <div class="chronological-class">
              <div class="chronological-class-name">com.cybertek.tests.day12_Window_Practice.DemoQAMultipleWindowsTest</div> <!-- chronological-class-name -->
              <div class="configuration-method before">
                <span class="method-name">setUp</span>
                <span class="method-start">74717 ms</span>
              </div> <!-- configuration-method before -->
              <div class="test-method">
                <span class="method-name">newWindowTest</span>
                <span class="method-start">79235 ms</span>
              </div> <!-- test-method -->
              <div class="configuration-method after">
                <span class="method-name">tearDown</span>
                <span class="method-start">79516 ms</span>
              </div> <!-- configuration-method after -->
            </div> <!-- chronological-class -->
            <div class="chronological-class">
              <div class="chronological-class-name">com.cybertek.tests.day13_faker_Practice.RegistrationFormNegativeTest</div> <!-- chronological-class-name -->
              <div class="configuration-method before">
                <span class="method-name">setUp</span>
                <span class="method-start">80253 ms</span>
              </div> <!-- configuration-method before -->
              <div class="test-method">
                <span class="method-name">invalidFirstNameTest</span>
                <span class="method-start">82317 ms</span>
              </div> <!-- test-method -->
              <div class="configuration-method after">
                <span class="method-name">tearDown</span>
                <span class="method-start">85334 ms</span>
              </div> <!-- configuration-method after -->
            </div> <!-- chronological-class -->
            <div class="chronological-class">
              <div class="chronological-class-name">com.cybertek.tests.day13_faker_Practice.RegistrationFormTest</div> <!-- chronological-class-name -->
              <div class="configuration-method before">
                <span class="method-name">setUp</span>
                <span class="method-start">85335 ms</span>
              </div> <!-- configuration-method before -->
              <div class="test-method">
                <span class="method-name">formTest</span>
                <span class="method-start">87519 ms</span>
              </div> <!-- test-method -->
            </div> <!-- chronological-class -->
            <div class="chronological-class">
              <div class="chronological-class-name">com.cybertek.tests.day14_webtables_properties.SmartBearTest</div> <!-- chronological-class-name -->
              <div class="configuration-method before">
                <span class="method-name">setUp</span>
                <span class="method-start">91182 ms</span>
              </div> <!-- configuration-method before -->
            </div> <!-- chronological-class -->
            <div class="chronological-class">
              <div class="chronological-class-name">com.cybertek.tests.day13_faker_Practice.RegistrationFormTest</div> <!-- chronological-class-name -->
              <div class="configuration-method after">
                <span class="method-name">tearDown</span>
                <span class="method-start">91182 ms</span>
              </div> <!-- configuration-method after -->
            </div> <!-- chronological-class -->
            <div class="chronological-class">
              <div class="chronological-class-name">com.cybertek.tests.day14_webtables_properties.SmartBearTest</div> <!-- chronological-class-name -->
              <div class="test-method">
                <span class="method-name">verifyLinksAfterLogin</span>
                <span class="method-start">92802 ms</span>
              </div> <!-- test-method -->
              <div class="configuration-method after">
                <span class="method-name">tearDown</span>
                <span class="method-start">93526 ms</span>
              </div> <!-- configuration-method after -->
            </div> <!-- chronological-class -->
            <div class="chronological-class">
              <div class="chronological-class-name">com.cybertek.tests.day14_webtables_properties.WebTableDemoTest</div> <!-- chronological-class-name -->
              <div class="configuration-method before">
                <span class="method-name">setUp</span>
                <span class="method-start">94249 ms</span>
              </div> <!-- configuration-method before -->
              <div class="test-method">
                <span class="method-name">getAllColumnData</span>
                <span class="method-start">96239 ms</span>
              </div> <!-- test-method -->
              <div class="configuration-method before">
                <span class="method-name">setUp</span>
                <span class="method-start">96340 ms</span>
              </div> <!-- configuration-method before -->
              <div class="test-method">
                <span class="method-name">printAllTableDataTest</span>
                <span class="method-start">98888 ms</span>
              </div> <!-- test-method -->
              <div class="configuration-method before">
                <span class="method-name">setUp</span>
                <span class="method-start">99549 ms</span>
              </div> <!-- configuration-method before -->
              <div class="test-method">
                <span class="method-name">readFromTableTest</span>
                <span class="method-start">101799 ms</span>
              </div> <!-- test-method -->
              <div class="configuration-method before">
                <span class="method-name">setUp</span>
                <span class="method-start">102828 ms</span>
              </div> <!-- configuration-method before -->
              <div class="test-method">
                <span class="method-name">readNextCell</span>
                <span class="method-start">104781 ms</span>
              </div> <!-- test-method -->
            </div> <!-- chronological-class -->
            <div class="chronological-class">
              <div class="chronological-class-name">com.cybertek.tests.day15_properties_driverUtil_testbase.DriverUtilTest</div> <!-- chronological-class-name -->
              <div class="test-method">
                <span class="method-name">driverClassTest</span>
                <span class="method-start">104828 ms</span>
              </div> <!-- test-method -->
            </div> <!-- chronological-class -->
            <div class="chronological-class">
              <div class="chronological-class-name">com.cybertek.tests.day15_properties_driverUtil_testbase.PropertiesFileTest</div> <!-- chronological-class-name -->
              <div class="test-method">
                <span class="method-name">configurationReaderUnitTest</span>
                <span class="method-start">120287 ms</span>
              </div> <!-- test-method -->
            </div> <!-- chronological-class -->
            <div class="chronological-class">
              <div class="chronological-class-name">com.cybertek.tests.day15_properties_driverUtil_testbase.TechlisticWebtaleTest</div> <!-- chronological-class-name -->
              <div class="configuration-method before">
                <span class="method-name">setUp</span>
                <span class="method-start">120288 ms</span>
              </div> <!-- configuration-method before -->
            </div> <!-- chronological-class -->
            <div class="chronological-class">
              <div class="chronological-class-name">com.cybertek.tests.day15_properties_driverUtil_testbase.PropertiesFileTest</div> <!-- chronological-class-name -->
              <div class="test-method">
                <span class="method-name">readValuesFromPropertiesFile</span>
                <span class="method-start">120288 ms</span>
              </div> <!-- test-method -->
            </div> <!-- chronological-class -->
            <div class="chronological-class">
              <div class="chronological-class-name">com.cybertek.tests.day15_properties_driverUtil_testbase.SystemPropertiesTest</div> <!-- chronological-class-name -->
              <div class="test-method">
                <span class="method-name">readingSystemProperties</span>
                <span class="method-start">120288 ms</span>
              </div> <!-- test-method -->
            </div> <!-- chronological-class -->
            <div class="chronological-class">
              <div class="chronological-class-name">com.cybertek.tests.day15_properties_driverUtil_testbase.TechlisticWebtaleTest</div> <!-- chronological-class-name -->
              <div class="test-method">
                <span class="method-name">tallBuildingsTableTest</span>
                <span class="method-start">120291 ms</span>
              </div> <!-- test-method -->
              <div class="configuration-method after">
                <span class="method-name">tearDown</span>
                <span class="method-start">127518 ms</span>
              </div> <!-- configuration-method after -->
            </div> <!-- chronological-class -->
            <div class="chronological-class">
              <div class="chronological-class-name">com.cybertek.tests.day16_download_uploaded_js_executor.File_DownloadTest</div> <!-- chronological-class-name -->
              <div class="configuration-method before">
                <span class="method-name">setUp</span>
                <span class="method-start">128475 ms</span>
              </div> <!-- configuration-method before -->
              <div class="test-method">
                <img src="failed.png">
                </img>
                <span class="method-name">fileDownloadTest</span>
                <span class="method-start">128475 ms</span>
              </div> <!-- test-method -->
            </div> <!-- chronological-class -->
            <div class="chronological-class">
              <div class="chronological-class-name">com.cybertek.tests.day17_upload_js_executor.JavaScriptExecutorTest</div> <!-- chronological-class-name -->
              <div class="configuration-method after">
                <span class="method-name">tearDown</span>
                <span class="method-start">128507 ms</span>
              </div> <!-- configuration-method after -->
            </div> <!-- chronological-class -->
            <div class="chronological-class">
              <div class="chronological-class-name">com.cybertek.tests.day19_page_object_model.logingPOMTest</div> <!-- chronological-class-name -->
              <div class="configuration-method after">
                <span class="method-name">tearDown</span>
                <span class="method-start">128507 ms</span>
              </div> <!-- configuration-method after -->
            </div> <!-- chronological-class -->
            <div class="chronological-class">
              <div class="chronological-class-name">com.cybertek.tests.day18_actions_pom_intro.classActionsDoubleClickTest</div> <!-- chronological-class-name -->
              <div class="configuration-method before">
                <span class="method-name">setUp</span>
                <span class="method-start">128507 ms</span>
              </div> <!-- configuration-method before -->
            </div> <!-- chronological-class -->
            <div class="chronological-class">
              <div class="chronological-class-name">com.cybertek.tests.day18_actions_pom_intro.ActionClassDemoTest</div> <!-- chronological-class-name -->
              <div class="test-method">
                <img src="failed.png">
                </img>
                <span class="method-name">loopActions</span>
                <span class="method-start">128507 ms</span>
              </div> <!-- test-method -->
            </div> <!-- chronological-class -->
            <div class="chronological-class">
              <div class="chronological-class-name">com.cybertek.tests.day19_page_object_model.DragAndDropTest</div> <!-- chronological-class-name -->
              <div class="test-method">
                <img src="failed.png">
                </img>
                <span class="method-name">guru99DragAndDropTest</span>
                <span class="method-start">128507 ms</span>
              </div> <!-- test-method -->
            </div> <!-- chronological-class -->
            <div class="chronological-class">
              <div class="chronological-class-name">com.cybertek.tests.day18_actions_pom_intro.ActionClassDemoTest</div> <!-- chronological-class-name -->
              <div class="configuration-method after">
                <span class="method-name">tearDown</span>
                <span class="method-start">128507 ms</span>
              </div> <!-- configuration-method after -->
            </div> <!-- chronological-class -->
            <div class="chronological-class">
              <div class="chronological-class-name">com.cybertek.tests.day17_upload_js_executor.JavaScriptExecutorTest</div> <!-- chronological-class-name -->
              <div class="test-method">
                <img src="failed.png">
                </img>
                <span class="method-name">scrollTest</span>
                <span class="method-start">128507 ms</span>
              </div> <!-- test-method -->
            </div> <!-- chronological-class -->
            <div class="chronological-class">
              <div class="chronological-class-name">com.cybertek.tests.day19_page_object_model.LibraryLoginPOMTest</div> <!-- chronological-class-name -->
              <div class="configuration-method after">
                <span class="method-name">tearDown</span>
                <span class="method-start">128507 ms</span>
              </div> <!-- configuration-method after -->
            </div> <!-- chronological-class -->
            <div class="chronological-class">
              <div class="chronological-class-name">com.cybertek.tests.day18_actions_pom_intro.ActionsSendKeysTest</div> <!-- chronological-class-name -->
              <div class="configuration-method after">
                <span class="method-name">tearDown</span>
                <span class="method-start">128507 ms</span>
              </div> <!-- configuration-method after -->
            </div> <!-- chronological-class -->
            <div class="chronological-class">
              <div class="chronological-class-name">com.cybertek.tests.day18_actions_pom_intro.EtsySubscribeTest</div> <!-- chronological-class-name -->
              <div class="test-method">
                <img src="failed.png">
                </img>
                <span class="method-name">randomEmailSubscribeTest</span>
                <span class="method-start">128507 ms</span>
              </div> <!-- test-method -->
            </div> <!-- chronological-class -->
            <div class="chronological-class">
              <div class="chronological-class-name">com.cybertek.tests.day18_actions_pom_intro.ActionsSendKeysTest</div> <!-- chronological-class-name -->
              <div class="configuration-method before">
                <span class="method-name">setUp</span>
                <span class="method-start">128507 ms</span>
              </div> <!-- configuration-method before -->
            </div> <!-- chronological-class -->
            <div class="chronological-class">
              <div class="chronological-class-name">com.cybertek.tests.day18_actions_pom_intro.ActionClassDemoTest</div> <!-- chronological-class-name -->
              <div class="configuration-method after">
                <span class="method-name">tearDown</span>
                <span class="method-start">128507 ms</span>
              </div> <!-- configuration-method after -->
            </div> <!-- chronological-class -->
            <div class="chronological-class">
              <div class="chronological-class-name">com.cybertek.tests.day19_page_object_model.DragAndDropTest</div> <!-- chronological-class-name -->
              <div class="configuration-method before">
                <span class="method-name">setUp</span>
                <span class="method-start">128507 ms</span>
              </div> <!-- configuration-method before -->
            </div> <!-- chronological-class -->
            <div class="chronological-class">
              <div class="chronological-class-name">com.cybertek.tests.day18_actions_pom_intro.ActionClassDemoTest</div> <!-- chronological-class-name -->
              <div class="configuration-method after">
                <span class="method-name">tearDown</span>
                <span class="method-start">128507 ms</span>
              </div> <!-- configuration-method after -->
            </div> <!-- chronological-class -->
            <div class="chronological-class">
              <div class="chronological-class-name">com.cybertek.tests.day17_upload_js_executor.JavaScriptExecutorTest</div> <!-- chronological-class-name -->
              <div class="configuration-method after">
                <span class="method-name">tearDown</span>
                <span class="method-start">128507 ms</span>
              </div> <!-- configuration-method after -->
            </div> <!-- chronological-class -->
            <div class="chronological-class">
              <div class="chronological-class-name">com.cybertek.tests.day19_page_object_model.logingPOMTest</div> <!-- chronological-class-name -->
              <div class="configuration-method before">
                <span class="method-name">setUp</span>
                <span class="method-start">128507 ms</span>
              </div> <!-- configuration-method before -->
            </div> <!-- chronological-class -->
            <div class="chronological-class">
              <div class="chronological-class-name">com.cybertek.tests.day17_upload_js_executor.JavaScriptExecutorTest</div> <!-- chronological-class-name -->
              <div class="test-method">
                <img src="failed.png">
                </img>
                <span class="method-name">loginFacebook</span>
                <span class="method-start">128507 ms</span>
              </div> <!-- test-method -->
            </div> <!-- chronological-class -->
            <div class="chronological-class">
              <div class="chronological-class-name">com.cybertek.tests.day19_page_object_model.LibraryLoginPOMTest</div> <!-- chronological-class-name -->
              <div class="configuration-method before">
                <span class="method-name">setUp</span>
                <span class="method-start">128507 ms</span>
              </div> <!-- configuration-method before -->
            </div> <!-- chronological-class -->
            <div class="chronological-class">
              <div class="chronological-class-name">com.cybertek.tests.day18_actions_pom_intro.ActionClassDemoTest</div> <!-- chronological-class-name -->
              <div class="test-method">
                <img src="failed.png">
                </img>
                <span class="method-name">hoverElementTest</span>
                <span class="method-start">128507 ms</span>
              </div> <!-- test-method -->
            </div> <!-- chronological-class -->
            <div class="chronological-class">
              <div class="chronological-class-name">com.cybertek.tests.day19_page_object_model.logingPOMTest</div> <!-- chronological-class-name -->
              <div class="configuration-method before">
                <span class="method-name">setUp</span>
                <span class="method-start">128507 ms</span>
              </div> <!-- configuration-method before -->
            </div> <!-- chronological-class -->
            <div class="chronological-class">
              <div class="chronological-class-name">com.cybertek.tests.day17_upload_js_executor.JavaScriptExecutorTest</div> <!-- chronological-class-name -->
              <div class="configuration-method before">
                <span class="method-name">setUp</span>
                <span class="method-start">128507 ms</span>
              </div> <!-- configuration-method before -->
            </div> <!-- chronological-class -->
            <div class="chronological-class">
              <div class="chronological-class-name">com.cybertek.tests.day18_actions_pom_intro.EtsySubscribeTest</div> <!-- chronological-class-name -->
              <div class="configuration-method before">
                <span class="method-name">setUp</span>
                <span class="method-start">128507 ms</span>
              </div> <!-- configuration-method before -->
            </div> <!-- chronological-class -->
            <div class="chronological-class">
              <div class="chronological-class-name">com.cybertek.tests.day18_actions_pom_intro.ActionsDragAndDropTest</div> <!-- chronological-class-name -->
              <div class="configuration-method before">
                <span class="method-name">setUp</span>
                <span class="method-start">128507 ms</span>
              </div> <!-- configuration-method before -->
            </div> <!-- chronological-class -->
            <div class="chronological-class">
              <div class="chronological-class-name">com.cybertek.tests.day19_page_object_model.LibraryLoginPOMTest</div> <!-- chronological-class-name -->
              <div class="configuration-method after">
                <span class="method-name">tearDown</span>
                <span class="method-start">128507 ms</span>
              </div> <!-- configuration-method after -->
            </div> <!-- chronological-class -->
            <div class="chronological-class">
              <div class="chronological-class-name">com.cybertek.tests.day18_actions_pom_intro.ActionsSendKeysTest</div> <!-- chronological-class-name -->
              <div class="configuration-method before">
                <span class="method-name">setUp</span>
                <span class="method-start">128507 ms</span>
              </div> <!-- configuration-method before -->
            </div> <!-- chronological-class -->
            <div class="chronological-class">
              <div class="chronological-class-name">com.cybertek.tests.day18_actions_pom_intro.ActionClassDemoTest</div> <!-- chronological-class-name -->
              <div class="test-method">
                <img src="failed.png">
                </img>
                <span class="method-name">googleActionsTest</span>
                <span class="method-start">128507 ms</span>
              </div> <!-- test-method -->
            </div> <!-- chronological-class -->
            <div class="chronological-class">
              <div class="chronological-class-name">com.cybertek.tests.day19_page_object_model.logingPOMTest</div> <!-- chronological-class-name -->
              <div class="test-method">
                <img src="failed.png">
                </img>
                <span class="method-name">validTest</span>
                <span class="method-start">128507 ms</span>
              </div> <!-- test-method -->
            </div> <!-- chronological-class -->
            <div class="chronological-class">
              <div class="chronological-class-name">com.cybertek.tests.day18_actions_pom_intro.classActionsDoubleClickTest</div> <!-- chronological-class-name -->
              <div class="configuration-method after">
                <span class="method-name">tearDown</span>
                <span class="method-start">128507 ms</span>
              </div> <!-- configuration-method after -->
            </div> <!-- chronological-class -->
            <div class="chronological-class">
              <div class="chronological-class-name">com.cybertek.tests.day19_page_object_model.DragAndDropTest</div> <!-- chronological-class-name -->
              <div class="configuration-method before">
                <span class="method-name">setUp</span>
                <span class="method-start">128507 ms</span>
              </div> <!-- configuration-method before -->
            </div> <!-- chronological-class -->
            <div class="chronological-class">
              <div class="chronological-class-name">com.cybertek.tests.day18_actions_pom_intro.classActionsDoubleClickTest</div> <!-- chronological-class-name -->
              <div class="test-method">
                <img src="failed.png">
                </img>
                <span class="method-name">doubleClickForColorChange</span>
                <span class="method-start">128507 ms</span>
              </div> <!-- test-method -->
            </div> <!-- chronological-class -->
            <div class="chronological-class">
              <div class="chronological-class-name">com.cybertek.tests.day17_upload_js_executor.JavaScriptExecutorTest</div> <!-- chronological-class-name -->
              <div class="configuration-method before">
                <span class="method-name">setUp</span>
                <span class="method-start">128507 ms</span>
              </div> <!-- configuration-method before -->
            </div> <!-- chronological-class -->
            <div class="chronological-class">
              <div class="chronological-class-name">com.cybertek.tests.day18_actions_pom_intro.ActionsDragAndDropTest</div> <!-- chronological-class-name -->
              <div class="configuration-method after">
                <span class="method-name">tearDown</span>
                <span class="method-start">128507 ms</span>
              </div> <!-- configuration-method after -->
            </div> <!-- chronological-class -->
            <div class="chronological-class">
              <div class="chronological-class-name">com.cybertek.tests.day17_upload_js_executor.JavaScriptExecutorTest</div> <!-- chronological-class-name -->
              <div class="test-method">
                <img src="failed.png">
                </img>
                <span class="method-name">alertExampleTest</span>
                <span class="method-start">128507 ms</span>
              </div> <!-- test-method -->
            </div> <!-- chronological-class -->
            <div class="chronological-class">
              <div class="chronological-class-name">com.cybertek.tests.day19_page_object_model.DragAndDropTest</div> <!-- chronological-class-name -->
              <div class="configuration-method after">
                <span class="method-name">tearDown</span>
                <span class="method-start">128507 ms</span>
              </div> <!-- configuration-method after -->
            </div> <!-- chronological-class -->
            <div class="chronological-class">
              <div class="chronological-class-name">com.cybertek.tests.day18_actions_pom_intro.EtsySubscribeTest</div> <!-- chronological-class-name -->
              <div class="configuration-method after">
                <span class="method-name">tearDown</span>
                <span class="method-start">128507 ms</span>
              </div> <!-- configuration-method after -->
            </div> <!-- chronological-class -->
            <div class="chronological-class">
              <div class="chronological-class-name">com.cybertek.tests.day19_page_object_model.LibraryLoginPOMTest</div> <!-- chronological-class-name -->
              <div class="test-method">
                <img src="failed.png">
                </img>
                <span class="method-name">positiveLoginTest</span>
                <span class="method-start">128507 ms</span>
              </div> <!-- test-method -->
            </div> <!-- chronological-class -->
            <div class="chronological-class">
              <div class="chronological-class-name">com.cybertek.tests.day17_upload_js_executor.JavaScriptExecutorTest</div> <!-- chronological-class-name -->
              <div class="configuration-method before">
                <span class="method-name">setUp</span>
                <span class="method-start">128507 ms</span>
              </div> <!-- configuration-method before -->
            </div> <!-- chronological-class -->
            <div class="chronological-class">
              <div class="chronological-class-name">com.cybertek.tests.day18_actions_pom_intro.ActionClassDemoTest</div> <!-- chronological-class-name -->
              <div class="configuration-method before">
                <span class="method-name">setUp</span>
                <span class="method-start">128507 ms</span>
              </div> <!-- configuration-method before -->
            </div> <!-- chronological-class -->
            <div class="chronological-class">
              <div class="chronological-class-name">com.cybertek.tests.day17_upload_js_executor.Guru99UploadTest</div> <!-- chronological-class-name -->
              <div class="configuration-method before">
                <span class="method-name">setUp</span>
                <span class="method-start">128507 ms</span>
              </div> <!-- configuration-method before -->
            </div> <!-- chronological-class -->
            <div class="chronological-class">
              <div class="chronological-class-name">com.cybertek.tests.day16_download_uploaded_js_executor.File_DownloadTest</div> <!-- chronological-class-name -->
              <div class="configuration-method after">
                <span class="method-name">tearDown</span>
                <span class="method-start">128507 ms</span>
              </div> <!-- configuration-method after -->
            </div> <!-- chronological-class -->
            <div class="chronological-class">
              <div class="chronological-class-name">com.cybertek.tests.day19_page_object_model.DragAndDropTest</div> <!-- chronological-class-name -->
              <div class="configuration-method after">
                <span class="method-name">tearDown</span>
                <span class="method-start">128507 ms</span>
              </div> <!-- configuration-method after -->
            </div> <!-- chronological-class -->
            <div class="chronological-class">
              <div class="chronological-class-name">com.cybertek.tests.day17_upload_js_executor.JavaScriptExecutorTest</div> <!-- chronological-class-name -->
              <div class="test-method">
                <img src="failed.png">
                </img>
                <span class="method-name">scrollElementVisible</span>
                <span class="method-start">128507 ms</span>
              </div> <!-- test-method -->
              <div class="configuration-method before">
                <span class="method-name">setUp</span>
                <span class="method-start">128507 ms</span>
              </div> <!-- configuration-method before -->
            </div> <!-- chronological-class -->
            <div class="chronological-class">
              <div class="chronological-class-name">com.cybertek.tests.day18_actions_pom_intro.ActionClassDemoTest</div> <!-- chronological-class-name -->
              <div class="configuration-method before">
                <span class="method-name">setUp</span>
                <span class="method-start">128507 ms</span>
              </div> <!-- configuration-method before -->
              <div class="configuration-method before">
                <span class="method-name">setUp</span>
                <span class="method-start">128507 ms</span>
              </div> <!-- configuration-method before -->
            </div> <!-- chronological-class -->
            <div class="chronological-class">
              <div class="chronological-class-name">com.cybertek.tests.day19_page_object_model.LibraryLoginPOMTest</div> <!-- chronological-class-name -->
              <div class="configuration-method before">
                <span class="method-name">setUp</span>
                <span class="method-start">128507 ms</span>
              </div> <!-- configuration-method before -->
            </div> <!-- chronological-class -->
            <div class="chronological-class">
              <div class="chronological-class-name">com.cybertek.tests.day17_upload_js_executor.JavaScriptExecutorTest</div> <!-- chronological-class-name -->
              <div class="configuration-method after">
                <span class="method-name">tearDown</span>
                <span class="method-start">128507 ms</span>
              </div> <!-- configuration-method after -->
            </div> <!-- chronological-class -->
            <div class="chronological-class">
              <div class="chronological-class-name">com.cybertek.tests.day19_page_object_model.LibraryLoginPOMTest</div> <!-- chronological-class-name -->
              <div class="test-method">
                <img src="failed.png">
                </img>
                <span class="method-name">invalidCredentialsTest</span>
                <span class="method-start">128507 ms</span>
              </div> <!-- test-method -->
            </div> <!-- chronological-class -->
            <div class="chronological-class">
              <div class="chronological-class-name">com.cybertek.tests.day18_actions_pom_intro.ActionsSendKeysTest</div> <!-- chronological-class-name -->
              <div class="configuration-method after">
                <span class="method-name">tearDown</span>
                <span class="method-start">128507 ms</span>
              </div> <!-- configuration-method after -->
            </div> <!-- chronological-class -->
            <div class="chronological-class">
              <div class="chronological-class-name">com.cybertek.tests.day17_upload_js_executor.Guru99UploadTest</div> <!-- chronological-class-name -->
              <div class="test-method">
                <img src="failed.png">
                </img>
                <span class="method-name">uploadFileTest</span>
                <span class="method-start">128507 ms</span>
              </div> <!-- test-method -->
            </div> <!-- chronological-class -->
            <div class="chronological-class">
              <div class="chronological-class-name">com.cybertek.tests.day17_upload_js_executor.JavaScriptExecutorTest</div> <!-- chronological-class-name -->
              <div class="configuration-method after">
                <span class="method-name">tearDown</span>
                <span class="method-start">128507 ms</span>
              </div> <!-- configuration-method after -->
            </div> <!-- chronological-class -->
            <div class="chronological-class">
              <div class="chronological-class-name">com.cybertek.tests.day18_actions_pom_intro.ActionsSendKeysTest</div> <!-- chronological-class-name -->
              <div class="test-method">
                <img src="failed.png">
                </img>
                <span class="method-name">rightClickTest</span>
                <span class="method-start">128507 ms</span>
              </div> <!-- test-method -->
            </div> <!-- chronological-class -->
            <div class="chronological-class">
              <div class="chronological-class-name">com.cybertek.tests.day19_page_object_model.logingPOMTest</div> <!-- chronological-class-name -->
              <div class="test-method">
                <img src="failed.png">
                </img>
                <span class="method-name">invalidTest</span>
                <span class="method-start">128507 ms</span>
              </div> <!-- test-method -->
            </div> <!-- chronological-class -->
            <div class="chronological-class">
              <div class="chronological-class-name">com.cybertek.tests.day17_upload_js_executor.Guru99UploadTest</div> <!-- chronological-class-name -->
              <div class="configuration-method after">
                <span class="method-name">tearDown</span>
                <span class="method-start">128507 ms</span>
              </div> <!-- configuration-method after -->
            </div> <!-- chronological-class -->
            <div class="chronological-class">
              <div class="chronological-class-name">com.cybertek.tests.day18_actions_pom_intro.ActionsSendKeysTest</div> <!-- chronological-class-name -->
              <div class="test-method">
                <img src="failed.png">
                </img>
                <span class="method-name">scrollWithKeysTest</span>
                <span class="method-start">128507 ms</span>
              </div> <!-- test-method -->
            </div> <!-- chronological-class -->
            <div class="chronological-class">
              <div class="chronological-class-name">com.cybertek.tests.day18_actions_pom_intro.ActionsDragAndDropTest</div> <!-- chronological-class-name -->
              <div class="test-method">
                <img src="failed.png">
                </img>
                <span class="method-name">dragAndDropTest</span>
                <span class="method-start">128507 ms</span>
              </div> <!-- test-method -->
            </div> <!-- chronological-class -->
            <div class="chronological-class">
              <div class="chronological-class-name">com.cybertek.tests.day19_page_object_model.DragAndDropTest</div> <!-- chronological-class-name -->
              <div class="test-method">
                <img src="failed.png">
                </img>
                <span class="method-name">cargurusPriceSliderTest</span>
                <span class="method-start">128507 ms</span>
              </div> <!-- test-method -->
            </div> <!-- chronological-class -->
            <div class="chronological-class">
              <div class="chronological-class-name">com.cybertek.WeeklyAssignments.HoverTest</div> <!-- chronological-class-name -->
              <div class="test-method">
                <img src="failed.png">
                </img>
                <span class="method-name">dragDropTest</span>
                <span class="method-start">128523 ms</span>
              </div> <!-- test-method -->
            </div> <!-- chronological-class -->
            <div class="chronological-class">
              <div class="chronological-class-name">com.cybertek.tests.day19_page_object_model.logingPOMTest</div> <!-- chronological-class-name -->
              <div class="configuration-method after">
                <span class="method-name">tearDown</span>
                <span class="method-start">128523 ms</span>
              </div> <!-- configuration-method after -->
            </div> <!-- chronological-class -->
            <div class="chronological-class">
              <div class="chronological-class-name">com.cybertek.tests.day22_explicitwait_review.WaitUntilElemVisibleTest</div> <!-- chronological-class-name -->
              <div class="configuration-method after">
                <span class="method-name">tearDown</span>
                <span class="method-start">128523 ms</span>
              </div> <!-- configuration-method after -->
            </div> <!-- chronological-class -->
            <div class="chronological-class">
              <div class="chronological-class-name">com.cybertek.WeeklyAssignments.HoverTest</div> <!-- chronological-class-name -->
              <div class="test-method">
                <img src="failed.png">
                </img>
                <span class="method-name">contextClickTest</span>
                <span class="method-start">128523 ms</span>
              </div> <!-- test-method -->
            </div> <!-- chronological-class -->
            <div class="chronological-class">
              <div class="chronological-class-name">com.cybertek.tests.day22_explicitwait_review.WaitUntilElemVisibleTest</div> <!-- chronological-class-name -->
              <div class="configuration-method before">
                <span class="method-name">setUp</span>
                <span class="method-start">128523 ms</span>
              </div> <!-- configuration-method before -->
            </div> <!-- chronological-class -->
            <div class="chronological-class">
              <div class="chronological-class-name">com.cybertek.WeeklyAssignments.HoverTest</div> <!-- chronological-class-name -->
              <div class="configuration-method after">
                <span class="method-name">tearDown</span>
                <span class="method-start">128523 ms</span>
              </div> <!-- configuration-method after -->
            </div> <!-- chronological-class -->
            <div class="chronological-class">
              <div class="chronological-class-name">com.cybertek.tests.day22_explicitwait_review.CherCherWaitPracticeTest</div> <!-- chronological-class-name -->
              <div class="configuration-method before">
                <span class="method-name">gotoHomePage</span>
                <span class="method-start">128523 ms</span>
              </div> <!-- configuration-method before -->
              <div class="test-method">
                <span class="method-name">waitForAlertTest</span>
                <span class="method-start">128523 ms</span>
              </div> <!-- test-method -->
              <div class="configuration-method after">
                <span class="method-name">tearDown</span>
                <span class="method-start">128523 ms</span>
              </div> <!-- configuration-method after -->
              <div class="test-method">
                <span class="method-name">waitForCheckBoxIsCheckedTest</span>
                <span class="method-start">128523 ms</span>
              </div> <!-- test-method -->
            </div> <!-- chronological-class -->
            <div class="chronological-class">
              <div class="chronological-class-name">com.cybertek.tests.day22_explicitwait_review.WaitUntilElemVisibleTest</div> <!-- chronological-class-name -->
              <div class="test-method">
                <img src="failed.png">
                </img>
                <span class="method-name">cheapInternetSpeedTest</span>
                <span class="method-start">128523 ms</span>
              </div> <!-- test-method -->
            </div> <!-- chronological-class -->
            <div class="chronological-class">
              <div class="chronological-class-name">com.cybertek.WeeklyAssignments.HoverTest</div> <!-- chronological-class-name -->
              <div class="configuration-method before">
                <span class="method-name">setUp</span>
                <span class="method-start">128523 ms</span>
              </div> <!-- configuration-method before -->
            </div> <!-- chronological-class -->
            <div class="chronological-class">
              <div class="chronological-class-name">com.cybertek.tests.day22_explicitwait_review.CherCherWaitPracticeTest</div> <!-- chronological-class-name -->
              <div class="configuration-method after">
                <span class="method-name">tearDown</span>
                <span class="method-start">128523 ms</span>
              </div> <!-- configuration-method after -->
            </div> <!-- chronological-class -->
            <div class="chronological-class">
              <div class="chronological-class-name">com.cybertek.tests.OfficeHour.day04_PlaceOrderTest</div> <!-- chronological-class-name -->
              <div class="configuration-method after">
                <span class="method-name">tearDown</span>
                <span class="method-start">128523 ms</span>
              </div> <!-- configuration-method after -->
              <div class="test-method">
                <img src="failed.png">
                </img>
                <span class="method-name">placeOrder</span>
                <span class="method-start">128523 ms</span>
              </div> <!-- test-method -->
            </div> <!-- chronological-class -->
            <div class="chronological-class">
              <div class="chronological-class-name">com.cybertek.WeeklyAssignments.HoverTest</div> <!-- chronological-class-name -->
              <div class="test-method">
                <img src="failed.png">
                </img>
                <span class="method-name">hoverTest</span>
                <span class="method-start">128523 ms</span>
              </div> <!-- test-method -->
              <div class="configuration-method before">
                <span class="method-name">setUp</span>
                <span class="method-start">128523 ms</span>
              </div> <!-- configuration-method before -->
            </div> <!-- chronological-class -->
            <div class="chronological-class">
              <div class="chronological-class-name">com.cybertek.tests.day22_explicitwait_review.WaitUntilElemVisibleTest</div> <!-- chronological-class-name -->
              <div class="configuration-method before">
                <span class="method-name">setUp</span>
                <span class="method-start">128523 ms</span>
              </div> <!-- configuration-method before -->
            </div> <!-- chronological-class -->
            <div class="chronological-class">
              <div class="chronological-class-name">com.cybertek.WeeklyAssignments.HoverTest</div> <!-- chronological-class-name -->
              <div class="configuration-method after">
                <span class="method-name">tearDown</span>
                <span class="method-start">128523 ms</span>
              </div> <!-- configuration-method after -->
            </div> <!-- chronological-class -->
            <div class="chronological-class">
              <div class="chronological-class-name">com.cybertek.tests.day22_explicitwait_review.WaitUntilElemVisibleTest</div> <!-- chronological-class-name -->
              <div class="test-method">
                <img src="failed.png">
                </img>
                <span class="method-name">waitForWebDriverElem</span>
                <span class="method-start">128523 ms</span>
              </div> <!-- test-method -->
            </div> <!-- chronological-class -->
            <div class="chronological-class">
              <div class="chronological-class-name">com.cybertek.tests.day22_explicitwait_review.CherCherWaitPracticeTest</div> <!-- chronological-class-name -->
              <div class="configuration-method before">
                <span class="method-name">gotoHomePage</span>
                <span class="method-start">128523 ms</span>
              </div> <!-- configuration-method before -->
              <div class="configuration-method before">
                <span class="method-name">setUp</span>
                <span class="method-start">128523 ms</span>
              </div> <!-- configuration-method before -->
              <div class="test-method">
                <span class="method-name">waitForButtonEnabledTest</span>
                <span class="method-start">128523 ms</span>
              </div> <!-- test-method -->
            </div> <!-- chronological-class -->
            <div class="chronological-class">
              <div class="chronological-class-name">com.cybertek.tests.day22_explicitwait_review.WaitUntilElemVisibleTest</div> <!-- chronological-class-name -->
              <div class="configuration-method after">
                <span class="method-name">tearDown</span>
                <span class="method-start">128523 ms</span>
              </div> <!-- configuration-method after -->
            </div> <!-- chronological-class -->
            <div class="chronological-class">
              <div class="chronological-class-name">com.cybertek.tests.day22_explicitwait_review.CherCherWaitPracticeTest</div> <!-- chronological-class-name -->
              <div class="configuration-method before">
                <span class="method-name">setUp</span>
                <span class="method-start">128523 ms</span>
              </div> <!-- configuration-method before -->
            </div> <!-- chronological-class -->
            <div class="chronological-class">
              <div class="chronological-class-name">com.cybertek.WeeklyAssignments.HoverTest</div> <!-- chronological-class-name -->
              <div class="configuration-method after">
                <span class="method-name">tearDown</span>
                <span class="method-start">128523 ms</span>
              </div> <!-- configuration-method after -->
            </div> <!-- chronological-class -->
            <div class="chronological-class">
              <div class="chronological-class-name">com.cybertek.tests.day22_explicitwait_review.CherCherWaitPracticeTest</div> <!-- chronological-class-name -->
              <div class="configuration-method before">
                <span class="method-name">setUp</span>
                <span class="method-start">128523 ms</span>
              </div> <!-- configuration-method before -->
              <div class="configuration-method before">
                <img src="failed.png">
                </img>
                <span class="method-name">gotoHomePage</span>
                <span class="method-start">128523 ms</span>
              </div> <!-- configuration-method before -->
            </div> <!-- chronological-class -->
            <div class="chronological-class">
              <div class="chronological-class-name">com.cybertek.WeeklyAssignments.HoverTest</div> <!-- chronological-class-name -->
              <div class="configuration-method before">
                <span class="method-name">setUp</span>
                <span class="method-start">128523 ms</span>
              </div> <!-- configuration-method before -->
            </div> <!-- chronological-class -->
            <div class="chronological-class">
              <div class="chronological-class-name">com.cybertek.tests.day22_explicitwait_review.CherCherWaitPracticeTest</div> <!-- chronological-class-name -->
              <div class="configuration-method after">
                <span class="method-name">tearDown</span>
                <span class="method-start">128523 ms</span>
              </div> <!-- configuration-method after -->
            </div> <!-- chronological-class -->
            <div class="chronological-class">
              <div class="chronological-class-name">com.cybertek.tests.OfficeHour.day04_PlaceOrderTest</div> <!-- chronological-class-name -->
              <div class="configuration-method before">
                <span class="method-name">setUp</span>
                <span class="method-start">128523 ms</span>
              </div> <!-- configuration-method before -->
          </div> <!-- main-panel-content rounded-window-bottom -->
        </div> <!-- panel -->
      </div> <!-- main-panel-root -->
    </div> <!-- wrapper -->
  </body>
<script type="text/javascript" src="testng-reports2.js"></script>
</html>
